2025-10-26 00:17:08,351 INFO  [org.jboss.modules] (main) JBoss Modules version 2.1.6.Final
2025-10-26 00:17:08,615 INFO  [org.jboss.msc] (main) JBoss MSC version 1.5.6.Final
2025-10-26 00:17:08,619 INFO  [org.jboss.threads] (main) JBoss Threads version 3.9.1
2025-10-26 00:17:08,669 INFO  [org.jboss.as] (MSC service thread 1-3) WFLYSRV0049: WildFly 38.0.0.Final (WildFly Core 30.0.0.Final) starting
2025-10-26 00:17:08,670 DEBUG [org.jboss.as.config] (MSC service thread 1-3) Configured system properties:
	[Standalone] = 
	apple.awt.application.name = Main
	file.encoding = UTF-8
	file.separator = /
	java.awt.headless = true
	java.class.path = /Users/arturmuch/Desktop/studying/soa/wildfly-38.0.0.Final/jboss-modules.jar
	java.class.version = 66.0
	java.home = /Users/arturmuch/Library/Java/JavaVirtualMachines/openjdk-22.0.2/Contents/Home
	java.io.tmpdir = /var/folders/86/wf6247f10wg3j175hypr920h0000gn/T/
	java.library.path = /Users/arturmuch/Library/Java/Extensions:/Library/Java/Extensions:/Network/Library/Java/Extensions:/System/Library/Java/Extensions:/usr/lib/java:.
	java.net.preferIPv4Stack = true
	java.runtime.name = OpenJDK Runtime Environment
	java.runtime.version = 22.0.2+9-70
	java.specification.name = Java Platform API Specification
	java.specification.vendor = Oracle Corporation
	java.specification.version = 22
	java.util.logging.manager = org.jboss.logmanager.LogManager
	java.vendor = Oracle Corporation
	java.vendor.url = https://java.oracle.com/
	java.vendor.url.bug = https://bugreport.java.com/bugreport/
	java.version = 22.0.2
	java.version.date = 2024-07-16
	java.vm.compressedOopsMode = Zero based
	java.vm.info = mixed mode, sharing
	java.vm.name = OpenJDK 64-Bit Server VM
	java.vm.specification.name = Java Virtual Machine Specification
	java.vm.specification.vendor = Oracle Corporation
	java.vm.specification.version = 22
	java.vm.vendor = Oracle Corporation
	java.vm.version = 22.0.2+9-70
	javax.management.builder.initial = org.jboss.as.jmx.PluggableMBeanServerBuilder
	jboss.home.dir = /Users/arturmuch/Desktop/studying/soa/wildfly-38.0.0.Final
	jboss.host.name = unknown-host
	jboss.modules.system.pkgs = org.jboss.byteman
	jboss.node.name = unknown-host
	jboss.qualified.host.name = unknown-host.unknown-domain
	jboss.server.base.dir = /Users/arturmuch/Desktop/studying/soa/wildfly-38.0.0.Final/standalone
	jboss.server.config.dir = /Users/arturmuch/Desktop/studying/soa/wildfly-38.0.0.Final/standalone/configuration
	jboss.server.data.dir = /Users/arturmuch/Desktop/studying/soa/wildfly-38.0.0.Final/standalone/data
	jboss.server.log.dir = /Users/arturmuch/Desktop/studying/soa/wildfly-38.0.0.Final/standalone/log
	jboss.server.name = unknown-host
	jboss.server.persist.config = true
	jboss.server.temp.dir = /Users/arturmuch/Desktop/studying/soa/wildfly-38.0.0.Final/standalone/tmp
	jboss.threads.eqe.statistics = true
	jdk.debug = release
	jdk.serialFilter = maxbytes=10485760;maxdepth=128;maxarray=100000;maxrefs=300000
	line.separator = 

	logging.configuration = file:/Users/arturmuch/Desktop/studying/soa/wildfly-38.0.0.Final/standalone/configuration/logging.properties
	module.path = /Users/arturmuch/Desktop/studying/soa/wildfly-38.0.0.Final/modules
	native.encoding = UTF-8
	org.jboss.boot.log.file = /Users/arturmuch/Desktop/studying/soa/wildfly-38.0.0.Final/standalone/log/server.log
	org.jboss.resolver.warning = true
	os.arch = aarch64
	os.name = Mac OS X
	os.version = 14.4
	path.separator = :
	stderr.encoding = UTF-8
	stdout.encoding = UTF-8
	sun.arch.data.model = 64
	sun.boot.library.path = /Users/arturmuch/Library/Java/JavaVirtualMachines/openjdk-22.0.2/Contents/Home/lib
	sun.cpu.endian = little
	sun.io.unicode.encoding = UnicodeBig
	sun.java.command = /Users/arturmuch/Desktop/studying/soa/wildfly-38.0.0.Final/jboss-modules.jar -mp /Users/arturmuch/Desktop/studying/soa/wildfly-38.0.0.Final/modules org.jboss.as.standalone -Djboss.home.dir=/Users/arturmuch/Desktop/studying/soa/wildfly-38.0.0.Final -Djboss.server.base.dir=/Users/arturmuch/Desktop/studying/soa/wildfly-38.0.0.Final/standalone
	sun.java.launcher = SUN_STANDARD
	sun.jnu.encoding = UTF-8
	sun.management.compiler = HotSpot 64-Bit Tiered Compilers
	user.country = RU
	user.dir = /Users/arturmuch/Desktop/studying/soa
	user.home = /Users/arturmuch
	user.language = en
	user.name = arturmuch
	user.timezone = Europe/Moscow
2025-10-26 00:17:08,671 DEBUG [org.jboss.as.config] (MSC service thread 1-3) VM Arguments: -D[Standalone] -Djdk.serialFilter=maxbytes=10485760;maxdepth=128;maxarray=100000;maxrefs=300000 -Xms64m -Xmx512m -Djava.net.preferIPv4Stack=true -Djboss.modules.system.pkgs=org.jboss.byteman -Djava.awt.headless=true --add-exports=java.desktop/sun.awt=ALL-UNNAMED --add-exports=java.naming/com.sun.jndi.ldap=ALL-UNNAMED --add-exports=java.naming/com.sun.jndi.url.ldap=ALL-UNNAMED --add-exports=java.naming/com.sun.jndi.url.ldaps=ALL-UNNAMED --add-exports=jdk.naming.dns/com.sun.jndi.dns=ALL-UNNAMED --add-opens=java.base/java.lang=ALL-UNNAMED --add-opens=java.base/java.lang.invoke=ALL-UNNAMED --add-opens=java.base/java.lang.reflect=ALL-UNNAMED --add-opens=java.base/java.io=ALL-UNNAMED --add-opens=java.base/java.net=ALL-UNNAMED --add-opens=java.base/java.security=ALL-UNNAMED --add-opens=java.base/java.util=ALL-UNNAMED --add-opens=java.base/java.util.concurrent=ALL-UNNAMED --add-opens=java.management/javax.management=ALL-UNNAMED --add-opens=java.naming/javax.naming=ALL-UNNAMED -Dorg.jboss.boot.log.file=/Users/arturmuch/Desktop/studying/soa/wildfly-38.0.0.Final/standalone/log/server.log -Dlogging.configuration=file:/Users/arturmuch/Desktop/studying/soa/wildfly-38.0.0.Final/standalone/configuration/logging.properties 
2025-10-26 00:17:08,965 INFO  [org.wildfly.security] (Controller Boot Thread) ELY00001: WildFly Elytron version 2.7.0.Final
2025-10-26 00:17:09,239 INFO  [org.jboss.as.repository] (ServerService Thread Pool -- 8) WFLYDR0001: Content added at location /Users/arturmuch/Desktop/studying/soa/wildfly-38.0.0.Final/standalone/data/content/3a/7be232b9bb98070e463bc5c2a7b0cfce0f1ccb/content
2025-10-26 00:17:09,249 INFO  [org.jboss.as.server] (Controller Boot Thread) WFLYSRV0039: Creating http management service using socket-binding (management-http)
2025-10-26 00:17:09,254 INFO  [org.xnio] (MSC service thread 1-2) XNIO version 3.8.16.Final
2025-10-26 00:17:09,257 INFO  [org.xnio.nio] (MSC service thread 1-2) XNIO NIO Implementation Version 3.8.16.Final
2025-10-26 00:17:09,269 INFO  [org.wildfly.extension.elytron.oidc._private] (ServerService Thread Pool -- 54) WFLYOIDC0001: Activating WildFly Elytron OIDC Subsystem
2025-10-26 00:17:09,271 INFO  [org.wildfly.extension.health] (ServerService Thread Pool -- 55) WFLYHEALTH0001: Activating Base Health Subsystem
2025-10-26 00:17:09,272 INFO  [org.wildfly.extension.io] (ServerService Thread Pool -- 57) WFLYIO001: Worker 'default' has auto-configured to 24 IO threads with 192 max task threads based on your 12 available processors
2025-10-26 00:17:09,273 INFO  [org.jboss.as.clustering.infinispan] (ServerService Thread Pool -- 56) WFLYCLINF0001: Activating Infinispan subsystem.
2025-10-26 00:17:09,273 INFO  [org.jboss.as.jaxrs] (ServerService Thread Pool -- 58) WFLYRS0016: RESTEasy version 6.2.14.Final
2025-10-26 00:17:09,273 INFO  [org.wildfly.extension.microprofile.config.smallrye] (ServerService Thread Pool -- 66) WFLYCONF0001: Activating MicroProfile Config Subsystem
2025-10-26 00:17:09,275 INFO  [org.wildfly.extension.microprofile.jwt.smallrye] (ServerService Thread Pool -- 67) WFLYJWT0001: Activating MicroProfile JWT Subsystem
2025-10-26 00:17:09,276 INFO  [org.jboss.as.jsf] (ServerService Thread Pool -- 63) WFLYJSF0007: Activated the following Jakarta Server Faces Implementations: [main]
2025-10-26 00:17:09,277 WARN  [org.jboss.as.txn] (ServerService Thread Pool -- 75) WFLYTX0013: The node-identifier attribute on the /subsystem=transactions is set to the default value. This is a danger for environments running multiple servers. Please make sure the attribute value is unique.
2025-10-26 00:17:09,278 INFO  [org.jboss.as.naming] (ServerService Thread Pool -- 68) WFLYNAM0001: Activating Naming Subsystem
2025-10-26 00:17:09,283 INFO  [org.wildfly.extension.metrics] (ServerService Thread Pool -- 65) WFLYMETRICS0001: Activating Base Metrics Subsystem
2025-10-26 00:17:09,283 INFO  [org.jboss.as.webservices] (ServerService Thread Pool -- 77) WFLYWS0002: Activating WebServices Extension
2025-10-26 00:17:09,287 INFO  [org.jboss.as.connector] (MSC service thread 1-9) WFLYJCA0009: Starting Jakarta Connectors Subsystem (WildFly/IronJacamar 3.0.14.Final)
2025-10-26 00:17:09,288 INFO  [org.jboss.as.server.deployment] (MSC service thread 1-3) WFLYSRV0027: Starting deployment of "vihicle-service.war" (runtime-name: "vihicle-service.war")
2025-10-26 00:17:09,292 INFO  [org.jboss.as.connector.subsystems.datasources] (ServerService Thread Pool -- 45) WFLYJCA0004: Deploying JDBC-compliant driver class org.h2.Driver (version 2.2)
2025-10-26 00:17:09,294 INFO  [org.jboss.as.connector.deployers.jdbc] (MSC service thread 1-3) WFLYJCA0018: Started Driver service with driver-name = h2
2025-10-26 00:17:09,295 INFO  [org.jboss.as.naming] (MSC service thread 1-3) WFLYNAM0003: Starting Naming Service
2025-10-26 00:17:09,295 INFO  [org.jboss.as.mail.extension] (MSC service thread 1-8) WFLYMAIL0001: Bound mail session [java:jboss/mail/Default]
2025-10-26 00:17:09,305 INFO  [org.jboss.remoting] (MSC service thread 1-6) JBoss Remoting version 5.0.31.Final
2025-10-26 00:17:09,323 WARN  [org.wildfly.extension.elytron] (MSC service thread 1-4) WFLYELY00023: KeyStore file '/Users/arturmuch/Desktop/studying/soa/wildfly-38.0.0.Final/standalone/configuration/application.keystore' does not exist. Used blank.
2025-10-26 00:17:09,323 INFO  [org.wildfly.extension.undertow] (MSC service thread 1-2) WFLYUT0003: Undertow 2.3.20.Final starting
2025-10-26 00:17:09,326 WARN  [org.wildfly.extension.elytron] (MSC service thread 1-4) WFLYELY01084: KeyStore /Users/arturmuch/Desktop/studying/soa/wildfly-38.0.0.Final/standalone/configuration/application.keystore not found, it will be auto-generated on first use with a self-signed certificate for host localhost
2025-10-26 00:17:09,335 INFO  [org.jboss.as.ejb3] (MSC service thread 1-7) WFLYEJB0482: Strict pool mdb-strict-max-pool is using a max instance size of 48 (per class), which is derived from the number of CPUs on this host.
2025-10-26 00:17:09,335 INFO  [org.jboss.as.ejb3] (MSC service thread 1-2) WFLYEJB0481: Strict pool slsb-strict-max-pool is using a max instance size of 192 (per class), which is derived from thread worker pool sizing.
2025-10-26 00:17:09,349 INFO  [org.wildfly.extension.undertow] (ServerService Thread Pool -- 76) WFLYUT0014: Creating file handler for path '/Users/arturmuch/Desktop/studying/soa/wildfly-38.0.0.Final/welcome-content' with options [directory-listing: 'false', follow-symlink: 'false', case-sensitive: 'true', safe-symlink-paths: '[]']
2025-10-26 00:17:09,357 INFO  [org.wildfly.extension.undertow] (MSC service thread 1-2) WFLYUT0012: Started server default-server.
2025-10-26 00:17:09,357 INFO  [org.wildfly.extension.undertow] (MSC service thread 1-7) Queuing requests.
2025-10-26 00:17:09,359 INFO  [org.wildfly.extension.undertow] (MSC service thread 1-7) WFLYUT0018: Host default-host starting
2025-10-26 00:17:09,387 INFO  [org.jboss.as.ejb3] (MSC service thread 1-7) WFLYEJB0493: Jakarta Enterprise Beans subsystem suspension complete
2025-10-26 00:17:09,392 INFO  [org.wildfly.extension.undertow] (MSC service thread 1-9) WFLYUT0006: Undertow HTTP listener default listening on 127.0.0.1:8080
2025-10-26 00:17:09,398 INFO  [org.wildfly.extension.undertow] (MSC service thread 1-9) WFLYUT0006: Undertow HTTPS listener https listening on 127.0.0.1:8443
2025-10-26 00:17:09,400 INFO  [org.jboss.as.server.deployment.scanner] (MSC service thread 1-5) WFLYDS0013: Started FileSystemDeploymentService for directory /Users/arturmuch/Desktop/studying/soa/wildfly-38.0.0.Final/standalone/deployments
2025-10-26 00:17:09,410 INFO  [org.jboss.as.connector.subsystems.datasources] (MSC service thread 1-8) WFLYJCA0001: Bound data source [java:jboss/datasources/ExampleDS]
2025-10-26 00:17:09,478 INFO  [org.jboss.ws.common.management] (MSC service thread 1-4) JBWS022052: Starting JBossWS 7.3.5.Final (Apache CXF 4.0.9.jbossorg-1) 
2025-10-26 00:17:11,935 WARN  [org.jboss.as.dependency.private] (MSC service thread 1-9) WFLYSRV0018: Deployment "deployment.vihicle-service.war" is using a private module ("org.slf4j.impl") which may be changed or removed in future versions without notice.
2025-10-26 00:17:11,935 WARN  [org.jboss.as.dependency.private] (MSC service thread 1-9) WFLYSRV0018: Deployment "deployment.vihicle-service.war" is using a private module ("org.jboss.vfs") which may be changed or removed in future versions without notice.
2025-10-26 00:17:11,979 INFO  [org.jboss.weld.deployer] (MSC service thread 1-9) WFLYWELD0003: Processing weld deployment vihicle-service.war
2025-10-26 00:17:12,090 INFO  [org.hibernate.validator.internal.util.Version] (MSC service thread 1-9) HV000001: Hibernate Validator 8.0.3.Final
2025-10-26 00:17:12,142 INFO  [org.springframework.data.jpa.repository.cdi.JpaRepositoryExtension] (MSC service thread 1-9) Activating CDI extension for Spring Data JPA repositories
2025-10-26 00:17:12,245 INFO  [org.jboss.as.connector.deployers.jdbc] (MSC service thread 1-3) WFLYJCA0005: Deploying non-JDBC-compliant driver class org.postgresql.Driver (version 42.7)
2025-10-26 00:17:12,256 INFO  [org.jboss.weld.Version] (MSC service thread 1-3) WELD-000900: 5.1.6 (Final)
2025-10-26 00:17:12,279 WARN  [org.jboss.as.server.deployment] (MSC service thread 1-2) WFLYSRV0274: Excluded dependency org.jboss.logmanager.log4j2 via jboss-deployment-structure.xml does not exist.
2025-10-26 00:17:12,279 INFO  [org.jboss.as.connector.deployers.jdbc] (MSC service thread 1-7) WFLYJCA0018: Started Driver service with driver-name = vihicle-service.war_org.postgresql.Driver_42_7
2025-10-26 00:17:12,279 WARN  [org.jboss.as.server.deployment] (MSC service thread 1-2) WFLYSRV0274: Excluded dependency org.apache.log4j via jboss-deployment-structure.xml does not exist.
2025-10-26 00:17:12,341 INFO  [org.jboss.weld.Event] (MSC service thread 1-9) WELD-000411: Observer method [BackedAnnotatedMethod] protected org.springframework.data.repository.cdi.CdiRepositoryExtensionSupport.processAnnotatedType(@Observes ProcessAnnotatedType<X>) receives events for all annotated types. Consider restricting events using @WithAnnotations or a generic type with bounds.
2025-10-26 00:17:12,531 INFO  [io.undertow.servlet] (ServerService Thread Pool -- 93) 2 Spring WebApplicationInitializers detected on classpath
2025-10-26 00:17:12,657 INFO  [com.soa.vehicle.VehicleServiceApplication] (ServerService Thread Pool -- 93) Starting VehicleServiceApplication using Java 22.0.2 with PID 42141 (started by arturmuch in /Users/arturmuch/Desktop/studying/soa)
2025-10-26 00:17:12,658 DEBUG [com.soa.vehicle.VehicleServiceApplication] (ServerService Thread Pool -- 93) Running with Spring Boot v3.5.7, Spring v6.2.12
2025-10-26 00:17:12,658 INFO  [com.soa.vehicle.VehicleServiceApplication] (ServerService Thread Pool -- 93) No active profile set, falling back to 1 default profile: "default"
2025-10-26 00:17:14,264 INFO  [com.soa.vehicle.VehicleServiceApplication] (ServerService Thread Pool -- 93) Started VehicleServiceApplication in 1.714 seconds (process running for 6.114)
2025-10-26 00:17:21,710 DEBUG [org.hibernate.SQL] (default task-2) 
    select
        v1_0.id,
        v1_0.x,
        v1_0.y,
        v1_0.creation_date,
        v1_0.engine_power,
        v1_0.fuel_type,
        v1_0.name,
        v1_0.type 
    from
        vehicles v1_0 
    offset
        ? rows 
    fetch
        first ? rows only
2025-10-26 00:27:52,218 DEBUG [org.jboss.as.config] (MSC service thread 1-4) Configured system properties:
	CONSOLE_LOG_CHARSET = UTF-8
	FILE_LOG_CHARSET = UTF-8
	PID = 42141
	[Standalone] = 
	apple.awt.application.name = Main
	com.zaxxer.hikari.pool_number = 1
	file.encoding = UTF-8
	file.separator = /
	jakarta.security.jacc.PolicyConfigurationFactory.provider = org.wildfly.security.authz.jacc.ElytronPolicyConfigurationFactory
	java.awt.headless = true
	java.class.path = /Users/arturmuch/Desktop/studying/soa/wildfly-38.0.0.Final/jboss-modules.jar
	java.class.version = 66.0
	java.home = /Users/arturmuch/Library/Java/JavaVirtualMachines/openjdk-22.0.2/Contents/Home
	java.io.tmpdir = /var/folders/86/wf6247f10wg3j175hypr920h0000gn/T/
	java.library.path = /Users/arturmuch/Library/Java/Extensions:/Library/Java/Extensions:/Network/Library/Java/Extensions:/System/Library/Java/Extensions:/usr/lib/java:.
	java.naming.factory.url.pkgs = org.jboss.as.naming.interfaces
	java.net.preferIPv4Stack = true
	java.protocol.handler.pkgs = org.jboss.net.protocol|org.jboss.vfs.protocol
	java.runtime.name = OpenJDK Runtime Environment
	java.runtime.version = 22.0.2+9-70
	java.specification.name = Java Platform API Specification
	java.specification.vendor = Oracle Corporation
	java.specification.version = 22
	java.util.logging.manager = org.jboss.logmanager.LogManager
	java.vendor = Oracle Corporation
	java.vendor.url = https://java.oracle.com/
	java.vendor.url.bug = https://bugreport.java.com/bugreport/
	java.version = 22.0.2
	java.version.date = 2024-07-16
	java.vm.compressedOopsMode = Zero based
	java.vm.info = mixed mode, sharing
	java.vm.name = OpenJDK 64-Bit Server VM
	java.vm.specification.name = Java Virtual Machine Specification
	java.vm.specification.vendor = Oracle Corporation
	java.vm.specification.version = 22
	java.vm.vendor = Oracle Corporation
	java.vm.version = 22.0.2+9-70
	javax.management.builder.initial = org.jboss.as.jmx.PluggableMBeanServerBuilder
	jboss.home.dir = /Users/arturmuch/Desktop/studying/soa/wildfly-38.0.0.Final
	jboss.host.name = unknown-host
	jboss.modules.system.pkgs = org.jboss.byteman
	jboss.node.name = unknown-host
	jboss.qualified.host.name = unknown-host.unknown-domain
	jboss.server.base.dir = /Users/arturmuch/Desktop/studying/soa/wildfly-38.0.0.Final/standalone
	jboss.server.config.dir = /Users/arturmuch/Desktop/studying/soa/wildfly-38.0.0.Final/standalone/configuration
	jboss.server.data.dir = /Users/arturmuch/Desktop/studying/soa/wildfly-38.0.0.Final/standalone/data
	jboss.server.log.dir = /Users/arturmuch/Desktop/studying/soa/wildfly-38.0.0.Final/standalone/log
	jboss.server.name = unknown-host
	jboss.server.persist.config = true
	jboss.server.temp.dir = /Users/arturmuch/Desktop/studying/soa/wildfly-38.0.0.Final/standalone/tmp
	jboss.threads.eqe.statistics = true
	jdk.debug = release
	jdk.serialFilter = maxbytes=10485760;maxdepth=128;maxarray=100000;maxrefs=300000
	jms.protocols = vm,tcp,nio,ssl,http,https,ws,wss,remote,remote+tls,remoting,remote+http,remote+https,http-remoting,https-remoting
	line.separator = 

	logging.configuration = file:/Users/arturmuch/Desktop/studying/soa/wildfly-38.0.0.Final/standalone/configuration/logging.properties
	module.path = /Users/arturmuch/Desktop/studying/soa/wildfly-38.0.0.Final/modules
	native.encoding = UTF-8
	org.apache.xml.security.ignoreLineBreaks = true
	org.jboss.boot.log.file = /Users/arturmuch/Desktop/studying/soa/wildfly-38.0.0.Final/standalone/log/server.log
	org.jboss.resolver.warning = true
	os.arch = aarch64
	os.name = Mac OS X
	os.version = 14.4
	path.separator = :
	stderr.encoding = UTF-8
	stdout.encoding = UTF-8
	sun.arch.data.model = 64
	sun.boot.library.path = /Users/arturmuch/Library/Java/JavaVirtualMachines/openjdk-22.0.2/Contents/Home/lib
	sun.cpu.endian = little
	sun.io.unicode.encoding = UnicodeBig
	sun.java.command = /Users/arturmuch/Desktop/studying/soa/wildfly-38.0.0.Final/jboss-modules.jar -mp /Users/arturmuch/Desktop/studying/soa/wildfly-38.0.0.Final/modules org.jboss.as.standalone -Djboss.home.dir=/Users/arturmuch/Desktop/studying/soa/wildfly-38.0.0.Final -Djboss.server.base.dir=/Users/arturmuch/Desktop/studying/soa/wildfly-38.0.0.Final/standalone
	sun.java.launcher = SUN_STANDARD
	sun.jnu.encoding = UTF-8
	sun.management.compiler = HotSpot 64-Bit Tiered Compilers
	sun.nio.ch.bugLevel = 
	user.country = RU
	user.dir = /Users/arturmuch/Desktop/studying/soa
	user.home = /Users/arturmuch
	user.language = en
	user.name = arturmuch
	user.timezone = Europe/Moscow
2025-10-26 00:27:52,218 DEBUG [org.jboss.as.config] (MSC service thread 1-4) VM Arguments: -D[Standalone] -Djdk.serialFilter=maxbytes=10485760;maxdepth=128;maxarray=100000;maxrefs=300000 -Xms64m -Xmx512m -Djava.net.preferIPv4Stack=true -Djboss.modules.system.pkgs=org.jboss.byteman -Djava.awt.headless=true --add-exports=java.desktop/sun.awt=ALL-UNNAMED --add-exports=java.naming/com.sun.jndi.ldap=ALL-UNNAMED --add-exports=java.naming/com.sun.jndi.url.ldap=ALL-UNNAMED --add-exports=java.naming/com.sun.jndi.url.ldaps=ALL-UNNAMED --add-exports=jdk.naming.dns/com.sun.jndi.dns=ALL-UNNAMED --add-opens=java.base/java.lang=ALL-UNNAMED --add-opens=java.base/java.lang.invoke=ALL-UNNAMED --add-opens=java.base/java.lang.reflect=ALL-UNNAMED --add-opens=java.base/java.io=ALL-UNNAMED --add-opens=java.base/java.net=ALL-UNNAMED --add-opens=java.base/java.security=ALL-UNNAMED --add-opens=java.base/java.util=ALL-UNNAMED --add-opens=java.base/java.util.concurrent=ALL-UNNAMED --add-opens=java.management/javax.management=ALL-UNNAMED --add-opens=java.naming/javax.naming=ALL-UNNAMED -Dorg.jboss.boot.log.file=/Users/arturmuch/Desktop/studying/soa/wildfly-38.0.0.Final/standalone/log/server.log -Dlogging.configuration=file:/Users/arturmuch/Desktop/studying/soa/wildfly-38.0.0.Final/standalone/configuration/logging.properties 
2025-10-26 00:27:52,354 INFO  [org.wildfly.extension.undertow] (MSC service thread 1-8) WFLYUT0006: Undertow HTTPS listener https listening on 127.0.0.1:8443
2025-10-26 00:27:52,354 INFO  [org.jboss.ws.common.management] (MSC service thread 1-4) JBWS022052: Starting JBossWS 7.3.5.Final (Apache CXF 4.0.9.jbossorg-1) 
2025-10-26 00:27:54,260 WARN  [org.jboss.as.dependency.private] (MSC service thread 1-4) WFLYSRV0018: Deployment "deployment.vihicle-service.war" is using a private module ("org.slf4j.impl") which may be changed or removed in future versions without notice.
2025-10-26 00:27:54,260 WARN  [org.jboss.as.dependency.private] (MSC service thread 1-4) WFLYSRV0018: Deployment "deployment.vihicle-service.war" is using a private module ("org.jboss.vfs") which may be changed or removed in future versions without notice.
2025-10-26 00:27:54,276 INFO  [org.jboss.weld.deployer] (MSC service thread 1-6) WFLYWELD0003: Processing weld deployment vihicle-service.war
2025-10-26 00:27:54,480 INFO  [org.jboss.as.connector.deployers.jdbc] (MSC service thread 1-8) WFLYJCA0005: Deploying non-JDBC-compliant driver class org.postgresql.Driver (version 42.7)
2025-10-26 00:27:54,492 WARN  [org.jboss.as.server.deployment] (MSC service thread 1-3) WFLYSRV0274: Excluded dependency org.jboss.logmanager.log4j2 via jboss-deployment-structure.xml does not exist.
2025-10-26 00:27:54,492 INFO  [org.jboss.as.connector.deployers.jdbc] (MSC service thread 1-8) WFLYJCA0018: Started Driver service with driver-name = vihicle-service.war_org.postgresql.Driver_42_7
2025-10-26 00:27:54,492 WARN  [org.jboss.as.server.deployment] (MSC service thread 1-3) WFLYSRV0274: Excluded dependency org.apache.log4j via jboss-deployment-structure.xml does not exist.
2025-10-26 00:27:54,506 INFO  [org.jboss.weld.Event] (MSC service thread 1-7) WELD-000411: Observer method [BackedAnnotatedMethod] protected org.springframework.data.repository.cdi.CdiRepositoryExtensionSupport.processAnnotatedType(@Observes ProcessAnnotatedType<X>) receives events for all annotated types. Consider restricting events using @WithAnnotations or a generic type with bounds.
2025-10-26 00:27:54,597 INFO  [io.undertow.servlet] (ServerService Thread Pool -- 90) 2 Spring WebApplicationInitializers detected on classpath
2025-10-26 00:27:54,706 INFO  [com.soa.vehicle.VehicleServiceApplication] (ServerService Thread Pool -- 90) Starting VehicleServiceApplication using Java 22.0.2 with PID 42141 (started by arturmuch in /Users/arturmuch/Desktop/studying/soa)
2025-10-26 00:27:54,706 DEBUG [com.soa.vehicle.VehicleServiceApplication] (ServerService Thread Pool -- 90) Running with Spring Boot v3.5.7, Spring v6.2.12
2025-10-26 00:27:54,706 INFO  [com.soa.vehicle.VehicleServiceApplication] (ServerService Thread Pool -- 90) No active profile set, falling back to 1 default profile: "default"
2025-10-26 00:27:56,183 INFO  [com.soa.vehicle.VehicleServiceApplication] (ServerService Thread Pool -- 90) Started VehicleServiceApplication in 1.566 seconds (process running for 648.033)
2025-10-26 00:28:30,420 DEBUG [org.hibernate.SQL] (default task-2) 
    select
        v1_0.id,
        v1_0.x,
        v1_0.y,
        v1_0.creation_date,
        v1_0.engine_power,
        v1_0.fuel_type,
        v1_0.name,
        v1_0.type 
    from
        vehicles v1_0 
    offset
        ? rows 
    fetch
        first ? rows only
2025-10-26 00:29:27,580 DEBUG [org.hibernate.SQL] (default task-2) 
    select
        v1_0.id,
        v1_0.x,
        v1_0.y,
        v1_0.creation_date,
        v1_0.engine_power,
        v1_0.fuel_type,
        v1_0.name,
        v1_0.type 
    from
        vehicles v1_0 
    offset
        ? rows 
    fetch
        first ? rows only
2025-10-26 00:29:29,166 DEBUG [org.hibernate.SQL] (default task-2) 
    select
        v1_0.id,
        v1_0.x,
        v1_0.y,
        v1_0.creation_date,
        v1_0.engine_power,
        v1_0.fuel_type,
        v1_0.name,
        v1_0.type 
    from
        vehicles v1_0 
    offset
        ? rows 
    fetch
        first ? rows only
2025-10-26 00:30:12,446 DEBUG [org.hibernate.SQL] (default task-3) 
    select
        v1_0.id,
        v1_0.x,
        v1_0.y,
        v1_0.creation_date,
        v1_0.engine_power,
        v1_0.fuel_type,
        v1_0.name,
        v1_0.type 
    from
        vehicles v1_0 
    offset
        ? rows 
    fetch
        first ? rows only
2025-10-26 00:30:38,393 DEBUG [org.hibernate.SQL] (default task-3) 
    select
        v1_0.id,
        v1_0.x,
        v1_0.y,
        v1_0.creation_date,
        v1_0.engine_power,
        v1_0.fuel_type,
        v1_0.name,
        v1_0.type 
    from
        vehicles v1_0 
    offset
        ? rows 
    fetch
        first ? rows only
2025-10-26 00:30:52,201 DEBUG [org.hibernate.SQL] (default task-3) 
    select
        v1_0.id,
        v1_0.x,
        v1_0.y,
        v1_0.creation_date,
        v1_0.engine_power,
        v1_0.fuel_type,
        v1_0.name,
        v1_0.type 
    from
        vehicles v1_0 
    offset
        ? rows 
    fetch
        first ? rows only
2025-10-26 00:31:34,693 DEBUG [org.hibernate.SQL] (default task-3) 
    select
        v1_0.id,
        v1_0.x,
        v1_0.y,
        v1_0.creation_date,
        v1_0.engine_power,
        v1_0.fuel_type,
        v1_0.name,
        v1_0.type 
    from
        vehicles v1_0 
    offset
        ? rows 
    fetch
        first ? rows only
2025-10-26 13:31:47,232 INFO  [org.jboss.modules] (main) JBoss Modules version 2.1.6.Final
2025-10-26 13:31:47,501 INFO  [org.jboss.msc] (main) JBoss MSC version 1.5.6.Final
2025-10-26 13:31:47,504 INFO  [org.jboss.threads] (main) JBoss Threads version 3.9.1
2025-10-26 13:31:47,546 INFO  [org.jboss.as] (MSC service thread 1-2) WFLYSRV0049: WildFly 38.0.0.Final (WildFly Core 30.0.0.Final) starting
2025-10-26 13:31:47,546 DEBUG [org.jboss.as.config] (MSC service thread 1-2) Configured system properties:
	[Standalone] = 
	apple.awt.application.name = Main
	file.encoding = UTF-8
	file.separator = /
	java.awt.headless = true
	java.class.path = /Users/arturmuch/Desktop/studying/soa/wildfly-38.0.0.Final/jboss-modules.jar
	java.class.version = 66.0
	java.home = /Users/arturmuch/Library/Java/JavaVirtualMachines/openjdk-22.0.2/Contents/Home
	java.io.tmpdir = /var/folders/86/wf6247f10wg3j175hypr920h0000gn/T/
	java.library.path = /Users/arturmuch/Library/Java/Extensions:/Library/Java/Extensions:/Network/Library/Java/Extensions:/System/Library/Java/Extensions:/usr/lib/java:.
	java.net.preferIPv4Stack = true
	java.runtime.name = OpenJDK Runtime Environment
	java.runtime.version = 22.0.2+9-70
	java.specification.name = Java Platform API Specification
	java.specification.vendor = Oracle Corporation
	java.specification.version = 22
	java.util.logging.manager = org.jboss.logmanager.LogManager
	java.vendor = Oracle Corporation
	java.vendor.url = https://java.oracle.com/
	java.vendor.url.bug = https://bugreport.java.com/bugreport/
	java.version = 22.0.2
	java.version.date = 2024-07-16
	java.vm.compressedOopsMode = Zero based
	java.vm.info = mixed mode, sharing
	java.vm.name = OpenJDK 64-Bit Server VM
	java.vm.specification.name = Java Virtual Machine Specification
	java.vm.specification.vendor = Oracle Corporation
	java.vm.specification.version = 22
	java.vm.vendor = Oracle Corporation
	java.vm.version = 22.0.2+9-70
	javax.management.builder.initial = org.jboss.as.jmx.PluggableMBeanServerBuilder
	jboss.home.dir = /Users/arturmuch/Desktop/studying/soa/wildfly-38.0.0.Final
	jboss.host.name = unknown-host
	jboss.modules.system.pkgs = org.jboss.byteman
	jboss.node.name = unknown-host
	jboss.qualified.host.name = unknown-host.unknown-domain
	jboss.server.base.dir = /Users/arturmuch/Desktop/studying/soa/wildfly-38.0.0.Final/standalone
	jboss.server.config.dir = /Users/arturmuch/Desktop/studying/soa/wildfly-38.0.0.Final/standalone/configuration
	jboss.server.data.dir = /Users/arturmuch/Desktop/studying/soa/wildfly-38.0.0.Final/standalone/data
	jboss.server.log.dir = /Users/arturmuch/Desktop/studying/soa/wildfly-38.0.0.Final/standalone/log
	jboss.server.name = unknown-host
	jboss.server.persist.config = true
	jboss.server.temp.dir = /Users/arturmuch/Desktop/studying/soa/wildfly-38.0.0.Final/standalone/tmp
	jboss.threads.eqe.statistics = true
	jdk.debug = release
	jdk.serialFilter = maxbytes=10485760;maxdepth=128;maxarray=100000;maxrefs=300000
	line.separator = 

	logging.configuration = file:/Users/arturmuch/Desktop/studying/soa/wildfly-38.0.0.Final/standalone/configuration/logging.properties
	module.path = /Users/arturmuch/Desktop/studying/soa/wildfly-38.0.0.Final/modules
	native.encoding = UTF-8
	org.jboss.boot.log.file = /Users/arturmuch/Desktop/studying/soa/wildfly-38.0.0.Final/standalone/log/server.log
	org.jboss.resolver.warning = true
	os.arch = aarch64
	os.name = Mac OS X
	os.version = 14.4
	path.separator = :
	stderr.encoding = UTF-8
	stdout.encoding = UTF-8
	sun.arch.data.model = 64
	sun.boot.library.path = /Users/arturmuch/Library/Java/JavaVirtualMachines/openjdk-22.0.2/Contents/Home/lib
	sun.cpu.endian = little
	sun.io.unicode.encoding = UnicodeBig
	sun.java.command = /Users/arturmuch/Desktop/studying/soa/wildfly-38.0.0.Final/jboss-modules.jar -mp /Users/arturmuch/Desktop/studying/soa/wildfly-38.0.0.Final/modules org.jboss.as.standalone -Djboss.home.dir=/Users/arturmuch/Desktop/studying/soa/wildfly-38.0.0.Final -Djboss.server.base.dir=/Users/arturmuch/Desktop/studying/soa/wildfly-38.0.0.Final/standalone
	sun.java.launcher = SUN_STANDARD
	sun.jnu.encoding = UTF-8
	sun.management.compiler = HotSpot 64-Bit Tiered Compilers
	user.country = RU
	user.dir = /Users/arturmuch/Desktop/studying/soa
	user.home = /Users/arturmuch
	user.language = en
	user.name = arturmuch
	user.timezone = Europe/Moscow
2025-10-26 13:31:47,547 DEBUG [org.jboss.as.config] (MSC service thread 1-2) VM Arguments: -D[Standalone] -Djdk.serialFilter=maxbytes=10485760;maxdepth=128;maxarray=100000;maxrefs=300000 -Xms64m -Xmx512m -Djava.net.preferIPv4Stack=true -Djboss.modules.system.pkgs=org.jboss.byteman -Djava.awt.headless=true --add-exports=java.desktop/sun.awt=ALL-UNNAMED --add-exports=java.naming/com.sun.jndi.ldap=ALL-UNNAMED --add-exports=java.naming/com.sun.jndi.url.ldap=ALL-UNNAMED --add-exports=java.naming/com.sun.jndi.url.ldaps=ALL-UNNAMED --add-exports=jdk.naming.dns/com.sun.jndi.dns=ALL-UNNAMED --add-opens=java.base/java.lang=ALL-UNNAMED --add-opens=java.base/java.lang.invoke=ALL-UNNAMED --add-opens=java.base/java.lang.reflect=ALL-UNNAMED --add-opens=java.base/java.io=ALL-UNNAMED --add-opens=java.base/java.net=ALL-UNNAMED --add-opens=java.base/java.security=ALL-UNNAMED --add-opens=java.base/java.util=ALL-UNNAMED --add-opens=java.base/java.util.concurrent=ALL-UNNAMED --add-opens=java.management/javax.management=ALL-UNNAMED --add-opens=java.naming/javax.naming=ALL-UNNAMED -Dorg.jboss.boot.log.file=/Users/arturmuch/Desktop/studying/soa/wildfly-38.0.0.Final/standalone/log/server.log -Dlogging.configuration=file:/Users/arturmuch/Desktop/studying/soa/wildfly-38.0.0.Final/standalone/configuration/logging.properties 
2025-10-26 13:31:47,799 INFO  [org.wildfly.security] (Controller Boot Thread) ELY00001: WildFly Elytron version 2.7.0.Final
2025-10-26 13:31:48,038 INFO  [org.jboss.as.server] (Controller Boot Thread) WFLYSRV0039: Creating http management service using socket-binding (management-http)
2025-10-26 13:31:48,043 INFO  [org.xnio] (MSC service thread 1-2) XNIO version 3.8.16.Final
2025-10-26 13:31:48,045 INFO  [org.xnio.nio] (MSC service thread 1-2) XNIO NIO Implementation Version 3.8.16.Final
2025-10-26 13:31:48,054 INFO  [org.wildfly.extension.elytron.oidc._private] (ServerService Thread Pool -- 54) WFLYOIDC0001: Activating WildFly Elytron OIDC Subsystem
2025-10-26 13:31:48,056 INFO  [org.jboss.as.jaxrs] (ServerService Thread Pool -- 58) WFLYRS0016: RESTEasy version 6.2.14.Final
2025-10-26 13:31:48,056 INFO  [org.wildfly.extension.health] (ServerService Thread Pool -- 55) WFLYHEALTH0001: Activating Base Health Subsystem
2025-10-26 13:31:48,057 INFO  [org.jboss.as.clustering.infinispan] (ServerService Thread Pool -- 56) WFLYCLINF0001: Activating Infinispan subsystem.
2025-10-26 13:31:48,057 INFO  [org.wildfly.extension.io] (ServerService Thread Pool -- 57) WFLYIO001: Worker 'default' has auto-configured to 24 IO threads with 192 max task threads based on your 12 available processors
2025-10-26 13:31:48,058 INFO  [org.wildfly.extension.microprofile.config.smallrye] (ServerService Thread Pool -- 66) WFLYCONF0001: Activating MicroProfile Config Subsystem
2025-10-26 13:31:48,058 INFO  [org.wildfly.extension.microprofile.jwt.smallrye] (ServerService Thread Pool -- 67) WFLYJWT0001: Activating MicroProfile JWT Subsystem
2025-10-26 13:31:48,060 INFO  [org.jboss.as.naming] (ServerService Thread Pool -- 68) WFLYNAM0001: Activating Naming Subsystem
2025-10-26 13:31:48,063 INFO  [org.jboss.as.connector] (MSC service thread 1-8) WFLYJCA0009: Starting Jakarta Connectors Subsystem (WildFly/IronJacamar 3.0.14.Final)
2025-10-26 13:31:48,064 INFO  [org.jboss.as.jsf] (ServerService Thread Pool -- 63) WFLYJSF0007: Activated the following Jakarta Server Faces Implementations: [main]
2025-10-26 13:31:48,064 INFO  [org.wildfly.extension.metrics] (ServerService Thread Pool -- 65) WFLYMETRICS0001: Activating Base Metrics Subsystem
2025-10-26 13:31:48,064 WARN  [org.jboss.as.txn] (ServerService Thread Pool -- 75) WFLYTX0013: The node-identifier attribute on the /subsystem=transactions is set to the default value. This is a danger for environments running multiple servers. Please make sure the attribute value is unique.
2025-10-26 13:31:48,070 INFO  [org.jboss.as.webservices] (ServerService Thread Pool -- 77) WFLYWS0002: Activating WebServices Extension
2025-10-26 13:31:48,071 INFO  [org.jboss.as.server.deployment] (MSC service thread 1-7) WFLYSRV0027: Starting deployment of "vihicle-service.war" (runtime-name: "vihicle-service.war")
2025-10-26 13:31:48,077 INFO  [org.jboss.as.connector.subsystems.datasources] (ServerService Thread Pool -- 45) WFLYJCA0004: Deploying JDBC-compliant driver class org.h2.Driver (version 2.2)
2025-10-26 13:31:48,079 INFO  [org.jboss.as.naming] (MSC service thread 1-8) WFLYNAM0003: Starting Naming Service
2025-10-26 13:31:48,080 INFO  [org.jboss.remoting] (MSC service thread 1-4) JBoss Remoting version 5.0.31.Final
2025-10-26 13:31:48,080 INFO  [org.jboss.as.connector.deployers.jdbc] (MSC service thread 1-8) WFLYJCA0018: Started Driver service with driver-name = h2
2025-10-26 13:31:48,083 INFO  [org.jboss.as.mail.extension] (MSC service thread 1-5) WFLYMAIL0001: Bound mail session [java:jboss/mail/Default]
2025-10-26 13:31:48,101 WARN  [org.wildfly.extension.elytron] (MSC service thread 1-8) WFLYELY00023: KeyStore file '/Users/arturmuch/Desktop/studying/soa/wildfly-38.0.0.Final/standalone/configuration/application.keystore' does not exist. Used blank.
2025-10-26 13:31:48,108 INFO  [org.wildfly.extension.undertow] (MSC service thread 1-2) WFLYUT0003: Undertow 2.3.20.Final starting
2025-10-26 13:31:48,109 WARN  [org.wildfly.extension.elytron] (MSC service thread 1-7) WFLYELY01084: KeyStore /Users/arturmuch/Desktop/studying/soa/wildfly-38.0.0.Final/standalone/configuration/application.keystore not found, it will be auto-generated on first use with a self-signed certificate for host localhost
2025-10-26 13:31:48,119 INFO  [org.jboss.as.ejb3] (MSC service thread 1-3) WFLYEJB0482: Strict pool mdb-strict-max-pool is using a max instance size of 48 (per class), which is derived from the number of CPUs on this host.
2025-10-26 13:31:48,119 INFO  [org.jboss.as.ejb3] (MSC service thread 1-9) WFLYEJB0481: Strict pool slsb-strict-max-pool is using a max instance size of 192 (per class), which is derived from thread worker pool sizing.
2025-10-26 13:31:48,132 INFO  [org.wildfly.extension.undertow] (ServerService Thread Pool -- 76) WFLYUT0014: Creating file handler for path '/Users/arturmuch/Desktop/studying/soa/wildfly-38.0.0.Final/welcome-content' with options [directory-listing: 'false', follow-symlink: 'false', case-sensitive: 'true', safe-symlink-paths: '[]']
2025-10-26 13:31:48,139 INFO  [org.wildfly.extension.undertow] (MSC service thread 1-5) WFLYUT0012: Started server default-server.
2025-10-26 13:31:48,141 INFO  [org.wildfly.extension.undertow] (MSC service thread 1-5) Queuing requests.
2025-10-26 13:31:48,142 INFO  [org.wildfly.extension.undertow] (MSC service thread 1-5) WFLYUT0018: Host default-host starting
2025-10-26 13:31:48,167 INFO  [org.jboss.as.ejb3] (MSC service thread 1-7) WFLYEJB0493: Jakarta Enterprise Beans subsystem suspension complete
2025-10-26 13:31:48,173 INFO  [org.wildfly.extension.undertow] (MSC service thread 1-9) WFLYUT0006: Undertow HTTP listener default listening on 127.0.0.1:8080
2025-10-26 13:31:48,201 INFO  [org.jboss.as.server.deployment.scanner] (MSC service thread 1-8) WFLYDS0013: Started FileSystemDeploymentService for directory /Users/arturmuch/Desktop/studying/soa/wildfly-38.0.0.Final/standalone/deployments
2025-10-26 13:31:48,206 INFO  [org.wildfly.extension.undertow] (MSC service thread 1-3) WFLYUT0006: Undertow HTTPS listener https listening on 127.0.0.1:8443
2025-10-26 13:31:48,210 INFO  [org.jboss.as.connector.subsystems.datasources] (MSC service thread 1-3) WFLYJCA0001: Bound data source [java:jboss/datasources/ExampleDS]
2025-10-26 13:31:48,289 INFO  [org.jboss.ws.common.management] (MSC service thread 1-6) JBWS022052: Starting JBossWS 7.3.5.Final (Apache CXF 4.0.9.jbossorg-1) 
2025-10-26 13:31:50,573 WARN  [org.jboss.as.dependency.private] (MSC service thread 1-2) WFLYSRV0018: Deployment "deployment.vihicle-service.war" is using a private module ("org.slf4j.impl") which may be changed or removed in future versions without notice.
2025-10-26 13:31:50,574 WARN  [org.jboss.as.dependency.private] (MSC service thread 1-2) WFLYSRV0018: Deployment "deployment.vihicle-service.war" is using a private module ("org.jboss.vfs") which may be changed or removed in future versions without notice.
2025-10-26 13:31:50,613 INFO  [org.jboss.weld.deployer] (MSC service thread 1-2) WFLYWELD0003: Processing weld deployment vihicle-service.war
2025-10-26 13:31:50,714 INFO  [org.hibernate.validator.internal.util.Version] (MSC service thread 1-2) HV000001: Hibernate Validator 8.0.3.Final
2025-10-26 13:31:50,768 INFO  [org.springframework.data.jpa.repository.cdi.JpaRepositoryExtension] (MSC service thread 1-2) Activating CDI extension for Spring Data JPA repositories
2025-10-26 13:31:50,876 INFO  [org.jboss.as.connector.deployers.jdbc] (MSC service thread 1-8) WFLYJCA0005: Deploying non-JDBC-compliant driver class org.postgresql.Driver (version 42.7)
2025-10-26 13:31:50,886 INFO  [org.jboss.weld.Version] (MSC service thread 1-8) WELD-000900: 5.1.6 (Final)
2025-10-26 13:31:50,907 INFO  [org.jboss.as.connector.deployers.jdbc] (MSC service thread 1-3) WFLYJCA0018: Started Driver service with driver-name = vihicle-service.war_org.postgresql.Driver_42_7
2025-10-26 13:31:50,907 WARN  [org.jboss.as.server.deployment] (MSC service thread 1-7) WFLYSRV0274: Excluded dependency org.jboss.logmanager.log4j2 via jboss-deployment-structure.xml does not exist.
2025-10-26 13:31:50,907 WARN  [org.jboss.as.server.deployment] (MSC service thread 1-7) WFLYSRV0274: Excluded dependency org.apache.log4j via jboss-deployment-structure.xml does not exist.
2025-10-26 13:31:50,968 INFO  [org.jboss.weld.Event] (MSC service thread 1-9) WELD-000411: Observer method [BackedAnnotatedMethod] protected org.springframework.data.repository.cdi.CdiRepositoryExtensionSupport.processAnnotatedType(@Observes ProcessAnnotatedType<X>) receives events for all annotated types. Consider restricting events using @WithAnnotations or a generic type with bounds.
2025-10-26 13:31:51,167 INFO  [io.undertow.servlet] (ServerService Thread Pool -- 90) 2 Spring WebApplicationInitializers detected on classpath
2025-10-26 13:31:51,293 INFO  [com.soa.vehicle.VehicleServiceApplication] (ServerService Thread Pool -- 90) Starting VehicleServiceApplication using Java 22.0.2 with PID 53705 (started by arturmuch in /Users/arturmuch/Desktop/studying/soa)
2025-10-26 13:31:51,293 DEBUG [com.soa.vehicle.VehicleServiceApplication] (ServerService Thread Pool -- 90) Running with Spring Boot v3.5.7, Spring v6.2.12
2025-10-26 13:31:51,293 INFO  [com.soa.vehicle.VehicleServiceApplication] (ServerService Thread Pool -- 90) No active profile set, falling back to 1 default profile: "default"
2025-10-26 13:31:52,802 INFO  [com.soa.vehicle.VehicleServiceApplication] (ServerService Thread Pool -- 90) Started VehicleServiceApplication in 1.615 seconds (process running for 5.748)
2025-10-26 13:31:54,611 DEBUG [org.hibernate.SQL] (default task-2) 
    select
        v1_0.id,
        v1_0.x,
        v1_0.y,
        v1_0.creation_date,
        v1_0.engine_power,
        v1_0.fuel_type,
        v1_0.name,
        v1_0.type 
    from
        vehicles v1_0 
    offset
        ? rows 
    fetch
        first ? rows only
2025-10-26 13:33:11,219 DEBUG [org.hibernate.SQL] (default task-2) 
    insert 
    into
        vehicles
        (x, y, creation_date, engine_power, fuel_type, name, type) 
    values
        (?, ?, ?, ?, ?, ?, ?)
2025-10-26 13:33:39,311 DEBUG [org.hibernate.SQL] (default task-2) 
    select
        v1_0.id,
        v1_0.x,
        v1_0.y,
        v1_0.creation_date,
        v1_0.engine_power,
        v1_0.fuel_type,
        v1_0.name,
        v1_0.type 
    from
        vehicles v1_0 
    where
        v1_0.id=?
2025-10-26 13:33:59,230 DEBUG [org.hibernate.SQL] (default task-2) 
    insert 
    into
        vehicles
        (x, y, creation_date, engine_power, fuel_type, name, type) 
    values
        (?, ?, ?, ?, ?, ?, ?)
2025-10-26 13:34:10,288 DEBUG [org.hibernate.SQL] (default task-2) 
    select
        v1_0.id,
        v1_0.x,
        v1_0.y,
        v1_0.creation_date,
        v1_0.engine_power,
        v1_0.fuel_type,
        v1_0.name,
        v1_0.type 
    from
        vehicles v1_0 
    offset
        ? rows 
    fetch
        first ? rows only
2025-10-26 13:35:38,588 DEBUG [org.hibernate.SQL] (default task-2) 
    select
        v1_0.id,
        v1_0.x,
        v1_0.y,
        v1_0.creation_date,
        v1_0.engine_power,
        v1_0.fuel_type,
        v1_0.name,
        v1_0.type 
    from
        vehicles v1_0 
    offset
        ? rows 
    fetch
        first ? rows only
2025-10-26 13:35:38,608 DEBUG [org.hibernate.SQL] (default task-2) 
    select
        count(v1_0.id) 
    from
        vehicles v1_0
2025-10-26 13:35:49,714 DEBUG [org.hibernate.SQL] (default task-2) 
    select
        v1_0.id,
        v1_0.x,
        v1_0.y,
        v1_0.creation_date,
        v1_0.engine_power,
        v1_0.fuel_type,
        v1_0.name,
        v1_0.type 
    from
        vehicles v1_0 
    offset
        ? rows 
    fetch
        first ? rows only
2025-10-26 13:35:49,719 DEBUG [org.hibernate.SQL] (default task-2) 
    select
        count(v1_0.id) 
    from
        vehicles v1_0
2025-10-26 13:35:59,266 DEBUG [org.hibernate.SQL] (default task-2) 
    select
        v1_0.id,
        v1_0.x,
        v1_0.y,
        v1_0.creation_date,
        v1_0.engine_power,
        v1_0.fuel_type,
        v1_0.name,
        v1_0.type 
    from
        vehicles v1_0 
    offset
        ? rows 
    fetch
        first ? rows only
2025-10-26 13:36:09,440 DEBUG [org.hibernate.SQL] (default task-2) 
    select
        v1_0.id,
        v1_0.x,
        v1_0.y,
        v1_0.creation_date,
        v1_0.engine_power,
        v1_0.fuel_type,
        v1_0.name,
        v1_0.type 
    from
        vehicles v1_0 
    order by
        v1_0.name 
    offset
        ? rows 
    fetch
        first ? rows only
2025-10-26 13:36:34,992 DEBUG [org.hibernate.SQL] (default task-2) 
    select
        v1_0.id,
        v1_0.x,
        v1_0.y,
        v1_0.creation_date,
        v1_0.engine_power,
        v1_0.fuel_type,
        v1_0.name,
        v1_0.type 
    from
        vehicles v1_0 
    order by
        v1_0.creation_date 
    offset
        ? rows 
    fetch
        first ? rows only
2025-10-26 13:36:58,574 DEBUG [org.hibernate.SQL] (default task-2) 
    insert 
    into
        vehicles
        (x, y, creation_date, engine_power, fuel_type, name, type) 
    values
        (?, ?, ?, ?, ?, ?, ?)
2025-10-26 13:37:04,462 DEBUG [org.hibernate.SQL] (default task-2) 
    select
        v1_0.id,
        v1_0.x,
        v1_0.y,
        v1_0.creation_date,
        v1_0.engine_power,
        v1_0.fuel_type,
        v1_0.name,
        v1_0.type 
    from
        vehicles v1_0 
    order by
        v1_0.creation_date 
    offset
        ? rows 
    fetch
        first ? rows only
2025-10-26 13:37:09,434 DEBUG [org.hibernate.SQL] (default task-2) 
    select
        v1_0.id,
        v1_0.x,
        v1_0.y,
        v1_0.creation_date,
        v1_0.engine_power,
        v1_0.fuel_type,
        v1_0.name,
        v1_0.type 
    from
        vehicles v1_0 
    order by
        v1_0.name 
    offset
        ? rows 
    fetch
        first ? rows only
2025-10-26 13:37:22,297 DEBUG [org.hibernate.SQL] (default task-2) 
    select
        v1_0.id,
        v1_0.x,
        v1_0.y,
        v1_0.creation_date,
        v1_0.engine_power,
        v1_0.fuel_type,
        v1_0.name,
        v1_0.type 
    from
        vehicles v1_0 
    offset
        ? rows 
    fetch
        first ? rows only
2025-10-26 13:37:22,302 DEBUG [org.hibernate.SQL] (default task-2) 
    select
        count(v1_0.id) 
    from
        vehicles v1_0
2025-10-26 13:37:31,259 DEBUG [org.hibernate.SQL] (default task-2) 
    select
        v1_0.id,
        v1_0.x,
        v1_0.y,
        v1_0.creation_date,
        v1_0.engine_power,
        v1_0.fuel_type,
        v1_0.name,
        v1_0.type 
    from
        vehicles v1_0 
    offset
        ? rows 
    fetch
        first ? rows only
2025-10-26 13:37:31,266 DEBUG [org.hibernate.SQL] (default task-2) 
    select
        count(v1_0.id) 
    from
        vehicles v1_0
2025-10-26 15:25:46,767 INFO  [org.jboss.modules] (main) JBoss Modules version 2.1.6.Final
2025-10-26 15:25:47,069 INFO  [org.jboss.msc] (main) JBoss MSC version 1.5.6.Final
2025-10-26 15:25:47,073 INFO  [org.jboss.threads] (main) JBoss Threads version 3.9.1
2025-10-26 15:25:47,124 INFO  [org.jboss.as] (MSC service thread 1-2) WFLYSRV0049: WildFly 38.0.0.Final (WildFly Core 30.0.0.Final) starting
2025-10-26 15:25:47,125 DEBUG [org.jboss.as.config] (MSC service thread 1-2) Configured system properties:
	[Standalone] = 
	apple.awt.application.name = Main
	file.encoding = UTF-8
	file.separator = /
	java.awt.headless = true
	java.class.path = /Users/arturmuch/Desktop/studying/soa/wildfly-38.0.0.Final/jboss-modules.jar
	java.class.version = 66.0
	java.home = /Users/arturmuch/Library/Java/JavaVirtualMachines/openjdk-22.0.2/Contents/Home
	java.io.tmpdir = /var/folders/86/wf6247f10wg3j175hypr920h0000gn/T/
	java.library.path = /Users/arturmuch/Library/Java/Extensions:/Library/Java/Extensions:/Network/Library/Java/Extensions:/System/Library/Java/Extensions:/usr/lib/java:.
	java.net.preferIPv4Stack = true
	java.runtime.name = OpenJDK Runtime Environment
	java.runtime.version = 22.0.2+9-70
	java.specification.name = Java Platform API Specification
	java.specification.vendor = Oracle Corporation
	java.specification.version = 22
	java.util.logging.manager = org.jboss.logmanager.LogManager
	java.vendor = Oracle Corporation
	java.vendor.url = https://java.oracle.com/
	java.vendor.url.bug = https://bugreport.java.com/bugreport/
	java.version = 22.0.2
	java.version.date = 2024-07-16
	java.vm.compressedOopsMode = Zero based
	java.vm.info = mixed mode, sharing
	java.vm.name = OpenJDK 64-Bit Server VM
	java.vm.specification.name = Java Virtual Machine Specification
	java.vm.specification.vendor = Oracle Corporation
	java.vm.specification.version = 22
	java.vm.vendor = Oracle Corporation
	java.vm.version = 22.0.2+9-70
	javax.management.builder.initial = org.jboss.as.jmx.PluggableMBeanServerBuilder
	jboss.home.dir = /Users/arturmuch/Desktop/studying/soa/wildfly-38.0.0.Final
	jboss.host.name = unknown-host
	jboss.modules.system.pkgs = org.jboss.byteman
	jboss.node.name = unknown-host
	jboss.qualified.host.name = unknown-host.unknown-domain
	jboss.server.base.dir = /Users/arturmuch/Desktop/studying/soa/wildfly-38.0.0.Final/standalone
	jboss.server.config.dir = /Users/arturmuch/Desktop/studying/soa/wildfly-38.0.0.Final/standalone/configuration
	jboss.server.data.dir = /Users/arturmuch/Desktop/studying/soa/wildfly-38.0.0.Final/standalone/data
	jboss.server.log.dir = /Users/arturmuch/Desktop/studying/soa/wildfly-38.0.0.Final/standalone/log
	jboss.server.name = unknown-host
	jboss.server.persist.config = true
	jboss.server.temp.dir = /Users/arturmuch/Desktop/studying/soa/wildfly-38.0.0.Final/standalone/tmp
	jboss.threads.eqe.statistics = true
	jdk.debug = release
	jdk.serialFilter = maxbytes=10485760;maxdepth=128;maxarray=100000;maxrefs=300000
	line.separator = 

	logging.configuration = file:/Users/arturmuch/Desktop/studying/soa/wildfly-38.0.0.Final/standalone/configuration/logging.properties
	module.path = /Users/arturmuch/Desktop/studying/soa/wildfly-38.0.0.Final/modules
	native.encoding = UTF-8
	org.jboss.boot.log.file = /Users/arturmuch/Desktop/studying/soa/wildfly-38.0.0.Final/standalone/log/server.log
	org.jboss.resolver.warning = true
	os.arch = aarch64
	os.name = Mac OS X
	os.version = 14.4
	path.separator = :
	stderr.encoding = UTF-8
	stdout.encoding = UTF-8
	sun.arch.data.model = 64
	sun.boot.library.path = /Users/arturmuch/Library/Java/JavaVirtualMachines/openjdk-22.0.2/Contents/Home/lib
	sun.cpu.endian = little
	sun.io.unicode.encoding = UnicodeBig
	sun.java.command = /Users/arturmuch/Desktop/studying/soa/wildfly-38.0.0.Final/jboss-modules.jar -mp /Users/arturmuch/Desktop/studying/soa/wildfly-38.0.0.Final/modules org.jboss.as.standalone -Djboss.home.dir=/Users/arturmuch/Desktop/studying/soa/wildfly-38.0.0.Final -Djboss.server.base.dir=/Users/arturmuch/Desktop/studying/soa/wildfly-38.0.0.Final/standalone
	sun.java.launcher = SUN_STANDARD
	sun.jnu.encoding = UTF-8
	sun.management.compiler = HotSpot 64-Bit Tiered Compilers
	user.country = RU
	user.dir = /Users/arturmuch/Desktop/studying/soa
	user.home = /Users/arturmuch
	user.language = en
	user.name = arturmuch
	user.timezone = Europe/Moscow
2025-10-26 15:25:47,125 DEBUG [org.jboss.as.config] (MSC service thread 1-2) VM Arguments: -D[Standalone] -Djdk.serialFilter=maxbytes=10485760;maxdepth=128;maxarray=100000;maxrefs=300000 -Xms64m -Xmx512m -Djava.net.preferIPv4Stack=true -Djboss.modules.system.pkgs=org.jboss.byteman -Djava.awt.headless=true --add-exports=java.desktop/sun.awt=ALL-UNNAMED --add-exports=java.naming/com.sun.jndi.ldap=ALL-UNNAMED --add-exports=java.naming/com.sun.jndi.url.ldap=ALL-UNNAMED --add-exports=java.naming/com.sun.jndi.url.ldaps=ALL-UNNAMED --add-exports=jdk.naming.dns/com.sun.jndi.dns=ALL-UNNAMED --add-opens=java.base/java.lang=ALL-UNNAMED --add-opens=java.base/java.lang.invoke=ALL-UNNAMED --add-opens=java.base/java.lang.reflect=ALL-UNNAMED --add-opens=java.base/java.io=ALL-UNNAMED --add-opens=java.base/java.net=ALL-UNNAMED --add-opens=java.base/java.security=ALL-UNNAMED --add-opens=java.base/java.util=ALL-UNNAMED --add-opens=java.base/java.util.concurrent=ALL-UNNAMED --add-opens=java.management/javax.management=ALL-UNNAMED --add-opens=java.naming/javax.naming=ALL-UNNAMED -Dorg.jboss.boot.log.file=/Users/arturmuch/Desktop/studying/soa/wildfly-38.0.0.Final/standalone/log/server.log -Dlogging.configuration=file:/Users/arturmuch/Desktop/studying/soa/wildfly-38.0.0.Final/standalone/configuration/logging.properties 
2025-10-26 15:25:47,431 INFO  [org.wildfly.security] (Controller Boot Thread) ELY00001: WildFly Elytron version 2.7.0.Final
2025-10-26 15:25:47,686 INFO  [org.jboss.as.repository] (ServerService Thread Pool -- 8) WFLYDR0001: Content added at location /Users/arturmuch/Desktop/studying/soa/wildfly-38.0.0.Final/standalone/data/content/22/97d66b020e408cca5909b8476662e33eb7f1ef/content
2025-10-26 15:25:47,695 INFO  [org.jboss.as.server] (Controller Boot Thread) WFLYSRV0039: Creating http management service using socket-binding (management-http)
2025-10-26 15:25:47,701 INFO  [org.xnio] (MSC service thread 1-5) XNIO version 3.8.16.Final
2025-10-26 15:25:47,703 INFO  [org.xnio.nio] (MSC service thread 1-5) XNIO NIO Implementation Version 3.8.16.Final
2025-10-26 15:25:47,710 INFO  [org.wildfly.extension.elytron.oidc._private] (ServerService Thread Pool -- 54) WFLYOIDC0001: Activating WildFly Elytron OIDC Subsystem
2025-10-26 15:25:47,713 INFO  [org.wildfly.extension.health] (ServerService Thread Pool -- 55) WFLYHEALTH0001: Activating Base Health Subsystem
2025-10-26 15:25:47,714 INFO  [org.jboss.as.clustering.infinispan] (ServerService Thread Pool -- 56) WFLYCLINF0001: Activating Infinispan subsystem.
2025-10-26 15:25:47,714 INFO  [org.jboss.as.jaxrs] (ServerService Thread Pool -- 58) WFLYRS0016: RESTEasy version 6.2.14.Final
2025-10-26 15:25:47,714 INFO  [org.wildfly.extension.io] (ServerService Thread Pool -- 57) WFLYIO001: Worker 'default' has auto-configured to 24 IO threads with 192 max task threads based on your 12 available processors
2025-10-26 15:25:47,715 INFO  [org.wildfly.extension.microprofile.config.smallrye] (ServerService Thread Pool -- 66) WFLYCONF0001: Activating MicroProfile Config Subsystem
2025-10-26 15:25:47,715 INFO  [org.wildfly.extension.microprofile.jwt.smallrye] (ServerService Thread Pool -- 67) WFLYJWT0001: Activating MicroProfile JWT Subsystem
2025-10-26 15:25:47,717 INFO  [org.jboss.as.naming] (ServerService Thread Pool -- 68) WFLYNAM0001: Activating Naming Subsystem
2025-10-26 15:25:47,718 WARN  [org.jboss.as.txn] (ServerService Thread Pool -- 75) WFLYTX0013: The node-identifier attribute on the /subsystem=transactions is set to the default value. This is a danger for environments running multiple servers. Please make sure the attribute value is unique.
2025-10-26 15:25:47,718 INFO  [org.jboss.as.jsf] (ServerService Thread Pool -- 63) WFLYJSF0007: Activated the following Jakarta Server Faces Implementations: [main]
2025-10-26 15:25:47,725 INFO  [org.jboss.as.webservices] (ServerService Thread Pool -- 77) WFLYWS0002: Activating WebServices Extension
2025-10-26 15:25:47,725 INFO  [org.jboss.as.connector] (MSC service thread 1-7) WFLYJCA0009: Starting Jakarta Connectors Subsystem (WildFly/IronJacamar 3.0.14.Final)
2025-10-26 15:25:47,727 INFO  [org.jboss.as.server.deployment] (MSC service thread 1-6) WFLYSRV0027: Starting deployment of "vihicle-service.war" (runtime-name: "vihicle-service.war")
2025-10-26 15:25:47,736 INFO  [org.wildfly.extension.metrics] (ServerService Thread Pool -- 65) WFLYMETRICS0001: Activating Base Metrics Subsystem
2025-10-26 15:25:47,738 INFO  [org.jboss.as.connector.subsystems.datasources] (ServerService Thread Pool -- 45) WFLYJCA0004: Deploying JDBC-compliant driver class org.h2.Driver (version 2.2)
2025-10-26 15:25:47,742 INFO  [org.jboss.as.naming] (MSC service thread 1-5) WFLYNAM0003: Starting Naming Service
2025-10-26 15:25:47,743 INFO  [org.jboss.as.connector.deployers.jdbc] (MSC service thread 1-8) WFLYJCA0018: Started Driver service with driver-name = h2
2025-10-26 15:25:47,743 INFO  [org.jboss.remoting] (MSC service thread 1-2) JBoss Remoting version 5.0.31.Final
2025-10-26 15:25:47,777 INFO  [org.jboss.as.mail.extension] (MSC service thread 1-4) WFLYMAIL0001: Bound mail session [java:jboss/mail/Default]
2025-10-26 15:25:47,787 WARN  [org.wildfly.extension.elytron] (MSC service thread 1-8) WFLYELY00023: KeyStore file '/Users/arturmuch/Desktop/studying/soa/wildfly-38.0.0.Final/standalone/configuration/application.keystore' does not exist. Used blank.
2025-10-26 15:25:47,789 INFO  [org.wildfly.extension.undertow] (MSC service thread 1-5) WFLYUT0003: Undertow 2.3.20.Final starting
2025-10-26 15:25:47,796 WARN  [org.wildfly.extension.elytron] (MSC service thread 1-3) WFLYELY01084: KeyStore /Users/arturmuch/Desktop/studying/soa/wildfly-38.0.0.Final/standalone/configuration/application.keystore not found, it will be auto-generated on first use with a self-signed certificate for host localhost
2025-10-26 15:25:47,811 INFO  [org.jboss.as.ejb3] (MSC service thread 1-6) WFLYEJB0481: Strict pool slsb-strict-max-pool is using a max instance size of 192 (per class), which is derived from thread worker pool sizing.
2025-10-26 15:25:47,811 INFO  [org.jboss.as.ejb3] (MSC service thread 1-3) WFLYEJB0482: Strict pool mdb-strict-max-pool is using a max instance size of 48 (per class), which is derived from the number of CPUs on this host.
2025-10-26 15:25:47,813 INFO  [org.wildfly.extension.undertow] (ServerService Thread Pool -- 76) WFLYUT0014: Creating file handler for path '/Users/arturmuch/Desktop/studying/soa/wildfly-38.0.0.Final/welcome-content' with options [directory-listing: 'false', follow-symlink: 'false', case-sensitive: 'true', safe-symlink-paths: '[]']
2025-10-26 15:25:47,816 INFO  [org.wildfly.extension.undertow] (MSC service thread 1-9) WFLYUT0012: Started server default-server.
2025-10-26 15:25:47,820 INFO  [org.wildfly.extension.undertow] (MSC service thread 1-9) Queuing requests.
2025-10-26 15:25:47,824 INFO  [org.wildfly.extension.undertow] (MSC service thread 1-9) WFLYUT0018: Host default-host starting
2025-10-26 15:25:47,858 INFO  [org.jboss.as.ejb3] (MSC service thread 1-9) WFLYEJB0493: Jakarta Enterprise Beans subsystem suspension complete
2025-10-26 15:25:47,865 INFO  [org.wildfly.extension.undertow] (MSC service thread 1-6) WFLYUT0006: Undertow HTTP listener default listening on 127.0.0.1:8080
2025-10-26 15:25:47,869 INFO  [org.jboss.as.server.deployment.scanner] (MSC service thread 1-6) WFLYDS0013: Started FileSystemDeploymentService for directory /Users/arturmuch/Desktop/studying/soa/wildfly-38.0.0.Final/standalone/deployments
2025-10-26 15:25:47,889 INFO  [org.jboss.as.connector.subsystems.datasources] (MSC service thread 1-6) WFLYJCA0001: Bound data source [java:jboss/datasources/ExampleDS]
2025-10-26 15:25:47,951 INFO  [org.wildfly.extension.undertow] (MSC service thread 1-2) WFLYUT0006: Undertow HTTPS listener https listening on 127.0.0.1:8443
2025-10-26 15:25:48,005 INFO  [org.jboss.ws.common.management] (MSC service thread 1-5) JBWS022052: Starting JBossWS 7.3.5.Final (Apache CXF 4.0.9.jbossorg-1) 
2025-10-26 15:25:50,228 WARN  [org.jboss.as.dependency.private] (MSC service thread 1-8) WFLYSRV0018: Deployment "deployment.vihicle-service.war" is using a private module ("org.slf4j.impl") which may be changed or removed in future versions without notice.
2025-10-26 15:25:50,229 WARN  [org.jboss.as.dependency.private] (MSC service thread 1-8) WFLYSRV0018: Deployment "deployment.vihicle-service.war" is using a private module ("org.jboss.vfs") which may be changed or removed in future versions without notice.
2025-10-26 15:25:50,271 INFO  [org.jboss.weld.deployer] (MSC service thread 1-8) WFLYWELD0003: Processing weld deployment vihicle-service.war
2025-10-26 15:25:50,375 INFO  [org.hibernate.validator.internal.util.Version] (MSC service thread 1-8) HV000001: Hibernate Validator 8.0.3.Final
2025-10-26 15:25:50,430 INFO  [org.springframework.data.jpa.repository.cdi.JpaRepositoryExtension] (MSC service thread 1-8) Activating CDI extension for Spring Data JPA repositories
2025-10-26 15:25:50,534 INFO  [org.jboss.as.connector.deployers.jdbc] (MSC service thread 1-6) WFLYJCA0005: Deploying non-JDBC-compliant driver class org.postgresql.Driver (version 42.7)
2025-10-26 15:25:50,548 INFO  [org.jboss.weld.Version] (MSC service thread 1-6) WELD-000900: 5.1.6 (Final)
2025-10-26 15:25:50,572 INFO  [org.jboss.as.connector.deployers.jdbc] (MSC service thread 1-2) WFLYJCA0018: Started Driver service with driver-name = vihicle-service.war_org.postgresql.Driver_42_7
2025-10-26 15:25:50,573 WARN  [org.jboss.as.server.deployment] (MSC service thread 1-8) WFLYSRV0274: Excluded dependency org.jboss.logmanager.log4j2 via jboss-deployment-structure.xml does not exist.
2025-10-26 15:25:50,573 WARN  [org.jboss.as.server.deployment] (MSC service thread 1-8) WFLYSRV0274: Excluded dependency org.apache.log4j via jboss-deployment-structure.xml does not exist.
2025-10-26 15:25:50,630 INFO  [org.jboss.weld.Event] (MSC service thread 1-2) WELD-000411: Observer method [BackedAnnotatedMethod] protected org.springframework.data.repository.cdi.CdiRepositoryExtensionSupport.processAnnotatedType(@Observes ProcessAnnotatedType<X>) receives events for all annotated types. Consider restricting events using @WithAnnotations or a generic type with bounds.
2025-10-26 15:25:50,828 INFO  [io.undertow.servlet] (ServerService Thread Pool -- 88) 2 Spring WebApplicationInitializers detected on classpath
2025-10-26 15:25:50,962 INFO  [com.soa.vehicle.VehicleServiceApplication] (ServerService Thread Pool -- 88) Starting VehicleServiceApplication using Java 22.0.2 with PID 73967 (started by arturmuch in /Users/arturmuch/Desktop/studying/soa)
2025-10-26 15:25:50,963 DEBUG [com.soa.vehicle.VehicleServiceApplication] (ServerService Thread Pool -- 88) Running with Spring Boot v3.5.7, Spring v6.2.12
2025-10-26 15:25:50,963 INFO  [com.soa.vehicle.VehicleServiceApplication] (ServerService Thread Pool -- 88) No active profile set, falling back to 1 default profile: "default"
2025-10-26 15:25:52,738 ERROR [org.jboss.msc.service.fail] (ServerService Thread Pool -- 88) MSC000001: Failed to start service jboss.deployment.unit."vihicle-service.war".undertow-deployment: org.jboss.msc.service.StartException in service jboss.deployment.unit."vihicle-service.war".undertow-deployment: java.lang.RuntimeException: org.springframework.beans.factory.UnsatisfiedDependencyException: Error creating bean with name 'shopProxyController' defined in VFS resource ["/content/vihicle-service.war/WEB-INF/classes/com/soa/vehicle/controller/ShopProxyController.class"]: Unsatisfied dependency expressed through constructor parameter 0: Error creating bean with name 'shopServiceClient' defined in VFS resource ["/content/vihicle-service.war/WEB-INF/classes/com/soa/vehicle/client/ShopServiceClient.class"]: Unsatisfied dependency expressed through constructor parameter 0: No qualifying bean of type 'org.springframework.web.client.RestTemplate' available: expected at least 1 bean which qualifies as autowire candidate. Dependency annotations: {}
	at org.wildfly.extension.undertow@38.0.0.Final//org.wildfly.extension.undertow.deployment.UndertowDeploymentService$1.run(UndertowDeploymentService.java:73)
	at java.base/java.util.concurrent.Executors$RunnableAdapter.call(Executors.java:572)
	at java.base/java.util.concurrent.FutureTask.run(FutureTask.java:317)
	at org.jboss.threads@3.9.1//org.jboss.threads.ContextHandler$1.runWith(ContextHandler.java:18)
	at org.jboss.threads@3.9.1//org.jboss.threads.EnhancedQueueExecutor$Task.doRunWith(EnhancedQueueExecutor.java:2651)
	at org.jboss.threads@3.9.1//org.jboss.threads.EnhancedQueueExecutor$Task.run(EnhancedQueueExecutor.java:2630)
	at org.jboss.threads@3.9.1//org.jboss.threads.EnhancedQueueExecutor.runThreadBody(EnhancedQueueExecutor.java:1622)
	at org.jboss.threads@3.9.1//org.jboss.threads.EnhancedQueueExecutor$ThreadBody.run(EnhancedQueueExecutor.java:1589)
	at java.base/java.lang.Thread.run(Thread.java:1570)
	at org.jboss.threads@3.9.1//org.jboss.threads.JBossThread.run(JBossThread.java:501)
Caused by: java.lang.RuntimeException: org.springframework.beans.factory.UnsatisfiedDependencyException: Error creating bean with name 'shopProxyController' defined in VFS resource ["/content/vihicle-service.war/WEB-INF/classes/com/soa/vehicle/controller/ShopProxyController.class"]: Unsatisfied dependency expressed through constructor parameter 0: Error creating bean with name 'shopServiceClient' defined in VFS resource ["/content/vihicle-service.war/WEB-INF/classes/com/soa/vehicle/client/ShopServiceClient.class"]: Unsatisfied dependency expressed through constructor parameter 0: No qualifying bean of type 'org.springframework.web.client.RestTemplate' available: expected at least 1 bean which qualifies as autowire candidate. Dependency annotations: {}
	at io.undertow.servlet@2.3.20.Final//io.undertow.servlet.core.DeploymentManagerImpl.deploy(DeploymentManagerImpl.java:257)
	at org.wildfly.extension.undertow@38.0.0.Final//org.wildfly.extension.undertow.deployment.UndertowDeploymentService.startContext(UndertowDeploymentService.java:88)
	at org.wildfly.extension.undertow@38.0.0.Final//org.wildfly.extension.undertow.deployment.UndertowDeploymentService$1.run(UndertowDeploymentService.java:70)
	... 9 more
Caused by: org.springframework.beans.factory.UnsatisfiedDependencyException: Error creating bean with name 'shopProxyController' defined in VFS resource ["/content/vihicle-service.war/WEB-INF/classes/com/soa/vehicle/controller/ShopProxyController.class"]: Unsatisfied dependency expressed through constructor parameter 0: Error creating bean with name 'shopServiceClient' defined in VFS resource ["/content/vihicle-service.war/WEB-INF/classes/com/soa/vehicle/client/ShopServiceClient.class"]: Unsatisfied dependency expressed through constructor parameter 0: No qualifying bean of type 'org.springframework.web.client.RestTemplate' available: expected at least 1 bean which qualifies as autowire candidate. Dependency annotations: {}
	at deployment.vihicle-service.war//org.springframework.beans.factory.support.ConstructorResolver.createArgumentArray(ConstructorResolver.java:804)
	at deployment.vihicle-service.war//org.springframework.beans.factory.support.ConstructorResolver.autowireConstructor(ConstructorResolver.java:240)
	at deployment.vihicle-service.war//org.springframework.beans.factory.support.AbstractAutowireCapableBeanFactory.autowireConstructor(AbstractAutowireCapableBeanFactory.java:1395)
	at deployment.vihicle-service.war//org.springframework.beans.factory.support.AbstractAutowireCapableBeanFactory.createBeanInstance(AbstractAutowireCapableBeanFactory.java:1232)
	at deployment.vihicle-service.war//org.springframework.beans.factory.support.AbstractAutowireCapableBeanFactory.doCreateBean(AbstractAutowireCapableBeanFactory.java:569)
	at deployment.vihicle-service.war//org.springframework.beans.factory.support.AbstractAutowireCapableBeanFactory.createBean(AbstractAutowireCapableBeanFactory.java:529)
	at deployment.vihicle-service.war//org.springframework.beans.factory.support.AbstractBeanFactory.lambda$doGetBean$0(AbstractBeanFactory.java:339)
	at deployment.vihicle-service.war//org.springframework.beans.factory.support.DefaultSingletonBeanRegistry.getSingleton(DefaultSingletonBeanRegistry.java:373)
	at deployment.vihicle-service.war//org.springframework.beans.factory.support.AbstractBeanFactory.doGetBean(AbstractBeanFactory.java:337)
	at deployment.vihicle-service.war//org.springframework.beans.factory.support.AbstractBeanFactory.getBean(AbstractBeanFactory.java:202)
	at deployment.vihicle-service.war//org.springframework.beans.factory.support.DefaultListableBeanFactory.instantiateSingleton(DefaultListableBeanFactory.java:1228)
	at deployment.vihicle-service.war//org.springframework.beans.factory.support.DefaultListableBeanFactory.preInstantiateSingleton(DefaultListableBeanFactory.java:1194)
	at deployment.vihicle-service.war//org.springframework.beans.factory.support.DefaultListableBeanFactory.preInstantiateSingletons(DefaultListableBeanFactory.java:1130)
	at deployment.vihicle-service.war//org.springframework.context.support.AbstractApplicationContext.finishBeanFactoryInitialization(AbstractApplicationContext.java:990)
	at deployment.vihicle-service.war//org.springframework.context.support.AbstractApplicationContext.refresh(AbstractApplicationContext.java:627)
	at deployment.vihicle-service.war//org.springframework.boot.web.servlet.context.ServletWebServerApplicationContext.refresh(ServletWebServerApplicationContext.java:146)
	at deployment.vihicle-service.war//org.springframework.boot.SpringApplication.refresh(SpringApplication.java:752)
	at deployment.vihicle-service.war//org.springframework.boot.SpringApplication.refreshContext(SpringApplication.java:439)
	at deployment.vihicle-service.war//org.springframework.boot.SpringApplication.run(SpringApplication.java:318)
	at deployment.vihicle-service.war//org.springframework.boot.web.servlet.support.SpringBootServletInitializer.run(SpringBootServletInitializer.java:194)
	at deployment.vihicle-service.war//org.springframework.boot.web.servlet.support.SpringBootServletInitializer.createRootApplicationContext(SpringBootServletInitializer.java:174)
	at deployment.vihicle-service.war//org.springframework.boot.web.servlet.support.SpringBootServletInitializer.onStartup(SpringBootServletInitializer.java:102)
	at deployment.vihicle-service.war//org.springframework.web.SpringServletContainerInitializer.onStartup(SpringServletContainerInitializer.java:171)
	at io.undertow.servlet@2.3.20.Final//io.undertow.servlet.core.DeploymentManagerImpl$1.call(DeploymentManagerImpl.java:204)
	at io.undertow.servlet@2.3.20.Final//io.undertow.servlet.core.DeploymentManagerImpl$1.call(DeploymentManagerImpl.java:187)
	at io.undertow.servlet@2.3.20.Final//io.undertow.servlet.core.ServletRequestContextThreadSetupAction$1.call(ServletRequestContextThreadSetupAction.java:42)
	at io.undertow.servlet@2.3.20.Final//io.undertow.servlet.core.ContextClassLoaderSetupAction$1.call(ContextClassLoaderSetupAction.java:43)
	at org.wildfly.extension.undertow@38.0.0.Final//org.wildfly.extension.undertow.deployment.UndertowDeploymentInfoService$UndertowThreadSetupAction.lambda$create$0(UndertowDeploymentInfoService.java:1433)
	at org.wildfly.extension.undertow@38.0.0.Final//org.wildfly.extension.undertow.deployment.UndertowDeploymentInfoService$UndertowThreadSetupAction.lambda$create$0(UndertowDeploymentInfoService.java:1433)
	at org.wildfly.extension.undertow@38.0.0.Final//org.wildfly.extension.undertow.deployment.UndertowDeploymentInfoService$UndertowThreadSetupAction.lambda$create$0(UndertowDeploymentInfoService.java:1433)
	at org.wildfly.extension.undertow@38.0.0.Final//org.wildfly.extension.undertow.deployment.UndertowDeploymentInfoService$UndertowThreadSetupAction.lambda$create$0(UndertowDeploymentInfoService.java:1433)
	at org.wildfly.extension.undertow@38.0.0.Final//org.wildfly.extension.undertow.deployment.UndertowDeploymentInfoService$UndertowThreadSetupAction.lambda$create$0(UndertowDeploymentInfoService.java:1433)
	at io.undertow.servlet@2.3.20.Final//io.undertow.servlet.core.DeploymentManagerImpl.deploy(DeploymentManagerImpl.java:255)
	... 11 more
Caused by: org.springframework.beans.factory.UnsatisfiedDependencyException: Error creating bean with name 'shopServiceClient' defined in VFS resource ["/content/vihicle-service.war/WEB-INF/classes/com/soa/vehicle/client/ShopServiceClient.class"]: Unsatisfied dependency expressed through constructor parameter 0: No qualifying bean of type 'org.springframework.web.client.RestTemplate' available: expected at least 1 bean which qualifies as autowire candidate. Dependency annotations: {}
	at deployment.vihicle-service.war//org.springframework.beans.factory.support.ConstructorResolver.createArgumentArray(ConstructorResolver.java:804)
	at deployment.vihicle-service.war//org.springframework.beans.factory.support.ConstructorResolver.autowireConstructor(ConstructorResolver.java:240)
	at deployment.vihicle-service.war//org.springframework.beans.factory.support.AbstractAutowireCapableBeanFactory.autowireConstructor(AbstractAutowireCapableBeanFactory.java:1395)
	at deployment.vihicle-service.war//org.springframework.beans.factory.support.AbstractAutowireCapableBeanFactory.createBeanInstance(AbstractAutowireCapableBeanFactory.java:1232)
	at deployment.vihicle-service.war//org.springframework.beans.factory.support.AbstractAutowireCapableBeanFactory.doCreateBean(AbstractAutowireCapableBeanFactory.java:569)
	at deployment.vihicle-service.war//org.springframework.beans.factory.support.AbstractAutowireCapableBeanFactory.createBean(AbstractAutowireCapableBeanFactory.java:529)
	at deployment.vihicle-service.war//org.springframework.beans.factory.support.AbstractBeanFactory.lambda$doGetBean$0(AbstractBeanFactory.java:339)
	at deployment.vihicle-service.war//org.springframework.beans.factory.support.DefaultSingletonBeanRegistry.getSingleton(DefaultSingletonBeanRegistry.java:373)
	at deployment.vihicle-service.war//org.springframework.beans.factory.support.AbstractBeanFactory.doGetBean(AbstractBeanFactory.java:337)
	at deployment.vihicle-service.war//org.springframework.beans.factory.support.AbstractBeanFactory.getBean(AbstractBeanFactory.java:202)
	at deployment.vihicle-service.war//org.springframework.beans.factory.support.DefaultListableBeanFactory.doResolveDependency(DefaultListableBeanFactory.java:1708)
	at deployment.vihicle-service.war//org.springframework.beans.factory.support.DefaultListableBeanFactory.resolveDependency(DefaultListableBeanFactory.java:1653)
	at deployment.vihicle-service.war//org.springframework.beans.factory.support.ConstructorResolver.resolveAutowiredArgument(ConstructorResolver.java:913)
	at deployment.vihicle-service.war//org.springframework.beans.factory.support.ConstructorResolver.createArgumentArray(ConstructorResolver.java:791)
	... 43 more
Caused by: org.springframework.beans.factory.NoSuchBeanDefinitionException: No qualifying bean of type 'org.springframework.web.client.RestTemplate' available: expected at least 1 bean which qualifies as autowire candidate. Dependency annotations: {}
	at deployment.vihicle-service.war//org.springframework.beans.factory.support.DefaultListableBeanFactory.raiseNoMatchingBeanFound(DefaultListableBeanFactory.java:2314)
	at deployment.vihicle-service.war//org.springframework.beans.factory.support.DefaultListableBeanFactory.doResolveDependency(DefaultListableBeanFactory.java:1733)
	at deployment.vihicle-service.war//org.springframework.beans.factory.support.DefaultListableBeanFactory.resolveDependency(DefaultListableBeanFactory.java:1653)
	at deployment.vihicle-service.war//org.springframework.beans.factory.support.ConstructorResolver.resolveAutowiredArgument(ConstructorResolver.java:913)
	at deployment.vihicle-service.war//org.springframework.beans.factory.support.ConstructorResolver.createArgumentArray(ConstructorResolver.java:791)
	... 56 more

2025-10-26 15:25:52,743 ERROR [org.jboss.as.controller.management-operation] (Controller Boot Thread) WFLYCTL0013: Operation ("deploy") failed - address: ([("deployment" => "vihicle-service.war")]) - Stage: (VERIFY) - failure description: {"WFLYCTL0080: Failed services" => {"jboss.deployment.unit.\"vihicle-service.war\".undertow-deployment" => "java.lang.RuntimeException: org.springframework.beans.factory.UnsatisfiedDependencyException: Error creating bean with name 'shopProxyController' defined in VFS resource [\"/content/vihicle-service.war/WEB-INF/classes/com/soa/vehicle/controller/ShopProxyController.class\"]: Unsatisfied dependency expressed through constructor parameter 0: Error creating bean with name 'shopServiceClient' defined in VFS resource [\"/content/vihicle-service.war/WEB-INF/classes/com/soa/vehicle/client/ShopServiceClient.class\"]: Unsatisfied dependency expressed through constructor parameter 0: No qualifying bean of type 'org.springframework.web.client.RestTemplate' available: expected at least 1 bean which qualifies as autowire candidate. Dependency annotations: {}
    Caused by: java.lang.RuntimeException: org.springframework.beans.factory.UnsatisfiedDependencyException: Error creating bean with name 'shopProxyController' defined in VFS resource [\"/content/vihicle-service.war/WEB-INF/classes/com/soa/vehicle/controller/ShopProxyController.class\"]: Unsatisfied dependency expressed through constructor parameter 0: Error creating bean with name 'shopServiceClient' defined in VFS resource [\"/content/vihicle-service.war/WEB-INF/classes/com/soa/vehicle/client/ShopServiceClient.class\"]: Unsatisfied dependency expressed through constructor parameter 0: No qualifying bean of type 'org.springframework.web.client.RestTemplate' available: expected at least 1 bean which qualifies as autowire candidate. Dependency annotations: {}
    Caused by: org.springframework.beans.factory.UnsatisfiedDependencyException: Error creating bean with name 'shopProxyController' defined in VFS resource [\"/content/vihicle-service.war/WEB-INF/classes/com/soa/vehicle/controller/ShopProxyController.class\"]: Unsatisfied dependency expressed through constructor parameter 0: Error creating bean with name 'shopServiceClient' defined in VFS resource [\"/content/vihicle-service.war/WEB-INF/classes/com/soa/vehicle/client/ShopServiceClient.class\"]: Unsatisfied dependency expressed through constructor parameter 0: No qualifying bean of type 'org.springframework.web.client.RestTemplate' available: expected at least 1 bean which qualifies as autowire candidate. Dependency annotations: {}
    Caused by: org.springframework.beans.factory.UnsatisfiedDependencyException: Error creating bean with name 'shopServiceClient' defined in VFS resource [\"/content/vihicle-service.war/WEB-INF/classes/com/soa/vehicle/client/ShopServiceClient.class\"]: Unsatisfied dependency expressed through constructor parameter 0: No qualifying bean of type 'org.springframework.web.client.RestTemplate' available: expected at least 1 bean which qualifies as autowire candidate. Dependency annotations: {}
    Caused by: org.springframework.beans.factory.NoSuchBeanDefinitionException: No qualifying bean of type 'org.springframework.web.client.RestTemplate' available: expected at least 1 bean which qualifies as autowire candidate. Dependency annotations: {}"}}
2025-10-26 15:25:52,794 ERROR [org.jboss.as] (Controller Boot Thread) WFLYSRV0026: WildFly 38.0.0.Final (WildFly Core 30.0.0.Final) started (with errors) in 6207ms - Started 573 of 789 services (3 services failed or missing dependencies, 335 services are lazy, passive or on-demand) - Server configuration file in use: standalone.xml - Minimum feature stability level: community
2025-10-26 15:28:30,577 INFO  [org.jboss.modules] (main) JBoss Modules version 2.1.6.Final
2025-10-26 15:28:30,807 INFO  [org.jboss.msc] (main) JBoss MSC version 1.5.6.Final
2025-10-26 15:28:30,811 INFO  [org.jboss.threads] (main) JBoss Threads version 3.9.1
2025-10-26 15:28:30,859 INFO  [org.jboss.as] (MSC service thread 1-2) WFLYSRV0049: WildFly 38.0.0.Final (WildFly Core 30.0.0.Final) starting
2025-10-26 15:28:30,859 DEBUG [org.jboss.as.config] (MSC service thread 1-2) Configured system properties:
	[Standalone] = 
	apple.awt.application.name = Main
	file.encoding = UTF-8
	file.separator = /
	java.awt.headless = true
	java.class.path = /Users/arturmuch/Desktop/studying/soa/wildfly-38.0.0.Final/jboss-modules.jar
	java.class.version = 66.0
	java.home = /Users/arturmuch/Library/Java/JavaVirtualMachines/openjdk-22.0.2/Contents/Home
	java.io.tmpdir = /var/folders/86/wf6247f10wg3j175hypr920h0000gn/T/
	java.library.path = /Users/arturmuch/Library/Java/Extensions:/Library/Java/Extensions:/Network/Library/Java/Extensions:/System/Library/Java/Extensions:/usr/lib/java:.
	java.net.preferIPv4Stack = true
	java.runtime.name = OpenJDK Runtime Environment
	java.runtime.version = 22.0.2+9-70
	java.specification.name = Java Platform API Specification
	java.specification.vendor = Oracle Corporation
	java.specification.version = 22
	java.util.logging.manager = org.jboss.logmanager.LogManager
	java.vendor = Oracle Corporation
	java.vendor.url = https://java.oracle.com/
	java.vendor.url.bug = https://bugreport.java.com/bugreport/
	java.version = 22.0.2
	java.version.date = 2024-07-16
	java.vm.compressedOopsMode = Zero based
	java.vm.info = mixed mode, sharing
	java.vm.name = OpenJDK 64-Bit Server VM
	java.vm.specification.name = Java Virtual Machine Specification
	java.vm.specification.vendor = Oracle Corporation
	java.vm.specification.version = 22
	java.vm.vendor = Oracle Corporation
	java.vm.version = 22.0.2+9-70
	javax.management.builder.initial = org.jboss.as.jmx.PluggableMBeanServerBuilder
	jboss.home.dir = /Users/arturmuch/Desktop/studying/soa/wildfly-38.0.0.Final
	jboss.host.name = unknown-host
	jboss.modules.system.pkgs = org.jboss.byteman
	jboss.node.name = unknown-host
	jboss.qualified.host.name = unknown-host.unknown-domain
	jboss.server.base.dir = /Users/arturmuch/Desktop/studying/soa/wildfly-38.0.0.Final/standalone
	jboss.server.config.dir = /Users/arturmuch/Desktop/studying/soa/wildfly-38.0.0.Final/standalone/configuration
	jboss.server.data.dir = /Users/arturmuch/Desktop/studying/soa/wildfly-38.0.0.Final/standalone/data
	jboss.server.log.dir = /Users/arturmuch/Desktop/studying/soa/wildfly-38.0.0.Final/standalone/log
	jboss.server.name = unknown-host
	jboss.server.persist.config = true
	jboss.server.temp.dir = /Users/arturmuch/Desktop/studying/soa/wildfly-38.0.0.Final/standalone/tmp
	jboss.threads.eqe.statistics = true
	jdk.debug = release
	jdk.serialFilter = maxbytes=10485760;maxdepth=128;maxarray=100000;maxrefs=300000
	line.separator = 

	logging.configuration = file:/Users/arturmuch/Desktop/studying/soa/wildfly-38.0.0.Final/standalone/configuration/logging.properties
	module.path = /Users/arturmuch/Desktop/studying/soa/wildfly-38.0.0.Final/modules
	native.encoding = UTF-8
	org.jboss.boot.log.file = /Users/arturmuch/Desktop/studying/soa/wildfly-38.0.0.Final/standalone/log/server.log
	org.jboss.resolver.warning = true
	os.arch = aarch64
	os.name = Mac OS X
	os.version = 14.4
	path.separator = :
	stderr.encoding = UTF-8
	stdout.encoding = UTF-8
	sun.arch.data.model = 64
	sun.boot.library.path = /Users/arturmuch/Library/Java/JavaVirtualMachines/openjdk-22.0.2/Contents/Home/lib
	sun.cpu.endian = little
	sun.io.unicode.encoding = UnicodeBig
	sun.java.command = /Users/arturmuch/Desktop/studying/soa/wildfly-38.0.0.Final/jboss-modules.jar -mp /Users/arturmuch/Desktop/studying/soa/wildfly-38.0.0.Final/modules org.jboss.as.standalone -Djboss.home.dir=/Users/arturmuch/Desktop/studying/soa/wildfly-38.0.0.Final -Djboss.server.base.dir=/Users/arturmuch/Desktop/studying/soa/wildfly-38.0.0.Final/standalone
	sun.java.launcher = SUN_STANDARD
	sun.jnu.encoding = UTF-8
	sun.management.compiler = HotSpot 64-Bit Tiered Compilers
	user.country = RU
	user.dir = /Users/arturmuch/Desktop/studying/soa
	user.home = /Users/arturmuch
	user.language = en
	user.name = arturmuch
	user.timezone = Europe/Moscow
2025-10-26 15:28:30,860 DEBUG [org.jboss.as.config] (MSC service thread 1-2) VM Arguments: -D[Standalone] -Djdk.serialFilter=maxbytes=10485760;maxdepth=128;maxarray=100000;maxrefs=300000 -Xms64m -Xmx512m -Djava.net.preferIPv4Stack=true -Djboss.modules.system.pkgs=org.jboss.byteman -Djava.awt.headless=true --add-exports=java.desktop/sun.awt=ALL-UNNAMED --add-exports=java.naming/com.sun.jndi.ldap=ALL-UNNAMED --add-exports=java.naming/com.sun.jndi.url.ldap=ALL-UNNAMED --add-exports=java.naming/com.sun.jndi.url.ldaps=ALL-UNNAMED --add-exports=jdk.naming.dns/com.sun.jndi.dns=ALL-UNNAMED --add-opens=java.base/java.lang=ALL-UNNAMED --add-opens=java.base/java.lang.invoke=ALL-UNNAMED --add-opens=java.base/java.lang.reflect=ALL-UNNAMED --add-opens=java.base/java.io=ALL-UNNAMED --add-opens=java.base/java.net=ALL-UNNAMED --add-opens=java.base/java.security=ALL-UNNAMED --add-opens=java.base/java.util=ALL-UNNAMED --add-opens=java.base/java.util.concurrent=ALL-UNNAMED --add-opens=java.management/javax.management=ALL-UNNAMED --add-opens=java.naming/javax.naming=ALL-UNNAMED -Dorg.jboss.boot.log.file=/Users/arturmuch/Desktop/studying/soa/wildfly-38.0.0.Final/standalone/log/server.log -Dlogging.configuration=file:/Users/arturmuch/Desktop/studying/soa/wildfly-38.0.0.Final/standalone/configuration/logging.properties 
2025-10-26 15:28:31,151 INFO  [org.wildfly.security] (Controller Boot Thread) ELY00001: WildFly Elytron version 2.7.0.Final
2025-10-26 15:28:31,438 INFO  [org.jboss.as.repository] (ServerService Thread Pool -- 8) WFLYDR0001: Content added at location /Users/arturmuch/Desktop/studying/soa/wildfly-38.0.0.Final/standalone/data/content/aa/b1c455bc0608105f289f34a67a8722e297488d/content
2025-10-26 15:28:31,446 INFO  [org.jboss.as.server] (Controller Boot Thread) WFLYSRV0039: Creating http management service using socket-binding (management-http)
2025-10-26 15:28:31,452 INFO  [org.xnio] (MSC service thread 1-8) XNIO version 3.8.16.Final
2025-10-26 15:28:31,455 INFO  [org.xnio.nio] (MSC service thread 1-8) XNIO NIO Implementation Version 3.8.16.Final
2025-10-26 15:28:31,464 INFO  [org.wildfly.extension.elytron.oidc._private] (ServerService Thread Pool -- 54) WFLYOIDC0001: Activating WildFly Elytron OIDC Subsystem
2025-10-26 15:28:31,466 INFO  [org.wildfly.extension.health] (ServerService Thread Pool -- 55) WFLYHEALTH0001: Activating Base Health Subsystem
2025-10-26 15:28:31,467 INFO  [org.wildfly.extension.io] (ServerService Thread Pool -- 57) WFLYIO001: Worker 'default' has auto-configured to 24 IO threads with 192 max task threads based on your 12 available processors
2025-10-26 15:28:31,468 INFO  [org.wildfly.extension.microprofile.config.smallrye] (ServerService Thread Pool -- 66) WFLYCONF0001: Activating MicroProfile Config Subsystem
2025-10-26 15:28:31,468 INFO  [org.wildfly.extension.microprofile.jwt.smallrye] (ServerService Thread Pool -- 67) WFLYJWT0001: Activating MicroProfile JWT Subsystem
2025-10-26 15:28:31,470 INFO  [org.jboss.as.jaxrs] (ServerService Thread Pool -- 58) WFLYRS0016: RESTEasy version 6.2.14.Final
2025-10-26 15:28:31,471 INFO  [org.jboss.as.clustering.infinispan] (ServerService Thread Pool -- 56) WFLYCLINF0001: Activating Infinispan subsystem.
2025-10-26 15:28:31,472 WARN  [org.jboss.as.txn] (ServerService Thread Pool -- 75) WFLYTX0013: The node-identifier attribute on the /subsystem=transactions is set to the default value. This is a danger for environments running multiple servers. Please make sure the attribute value is unique.
2025-10-26 15:28:31,472 INFO  [org.jboss.as.naming] (ServerService Thread Pool -- 68) WFLYNAM0001: Activating Naming Subsystem
2025-10-26 15:28:31,473 INFO  [org.jboss.as.jsf] (ServerService Thread Pool -- 63) WFLYJSF0007: Activated the following Jakarta Server Faces Implementations: [main]
2025-10-26 15:28:31,475 INFO  [org.jboss.as.server.deployment] (MSC service thread 1-7) WFLYSRV0027: Starting deployment of "vihicle-service.war" (runtime-name: "vihicle-service.war")
2025-10-26 15:28:31,475 INFO  [org.wildfly.extension.metrics] (ServerService Thread Pool -- 65) WFLYMETRICS0001: Activating Base Metrics Subsystem
2025-10-26 15:28:31,478 INFO  [org.jboss.as.webservices] (ServerService Thread Pool -- 77) WFLYWS0002: Activating WebServices Extension
2025-10-26 15:28:31,479 INFO  [org.jboss.as.connector] (MSC service thread 1-8) WFLYJCA0009: Starting Jakarta Connectors Subsystem (WildFly/IronJacamar 3.0.14.Final)
2025-10-26 15:28:31,486 INFO  [org.jboss.as.connector.subsystems.datasources] (ServerService Thread Pool -- 45) WFLYJCA0004: Deploying JDBC-compliant driver class org.h2.Driver (version 2.2)
2025-10-26 15:28:31,488 INFO  [org.jboss.as.connector.deployers.jdbc] (MSC service thread 1-8) WFLYJCA0018: Started Driver service with driver-name = h2
2025-10-26 15:28:31,490 INFO  [org.jboss.as.naming] (MSC service thread 1-8) WFLYNAM0003: Starting Naming Service
2025-10-26 15:28:31,491 INFO  [org.jboss.as.mail.extension] (MSC service thread 1-8) WFLYMAIL0001: Bound mail session [java:jboss/mail/Default]
2025-10-26 15:28:31,497 INFO  [org.jboss.remoting] (MSC service thread 1-7) JBoss Remoting version 5.0.31.Final
2025-10-26 15:28:31,510 WARN  [org.wildfly.extension.elytron] (MSC service thread 1-2) WFLYELY00023: KeyStore file '/Users/arturmuch/Desktop/studying/soa/wildfly-38.0.0.Final/standalone/configuration/application.keystore' does not exist. Used blank.
2025-10-26 15:28:31,522 INFO  [org.wildfly.extension.undertow] (MSC service thread 1-2) WFLYUT0003: Undertow 2.3.20.Final starting
2025-10-26 15:28:31,524 WARN  [org.wildfly.extension.elytron] (MSC service thread 1-2) WFLYELY01084: KeyStore /Users/arturmuch/Desktop/studying/soa/wildfly-38.0.0.Final/standalone/configuration/application.keystore not found, it will be auto-generated on first use with a self-signed certificate for host localhost
2025-10-26 15:28:31,541 INFO  [org.jboss.as.ejb3] (MSC service thread 1-9) WFLYEJB0482: Strict pool mdb-strict-max-pool is using a max instance size of 48 (per class), which is derived from the number of CPUs on this host.
2025-10-26 15:28:31,541 INFO  [org.jboss.as.ejb3] (MSC service thread 1-4) WFLYEJB0481: Strict pool slsb-strict-max-pool is using a max instance size of 192 (per class), which is derived from thread worker pool sizing.
2025-10-26 15:28:31,546 INFO  [org.wildfly.extension.undertow] (ServerService Thread Pool -- 76) WFLYUT0014: Creating file handler for path '/Users/arturmuch/Desktop/studying/soa/wildfly-38.0.0.Final/welcome-content' with options [directory-listing: 'false', follow-symlink: 'false', case-sensitive: 'true', safe-symlink-paths: '[]']
2025-10-26 15:28:31,549 INFO  [org.wildfly.extension.undertow] (MSC service thread 1-4) WFLYUT0012: Started server default-server.
2025-10-26 15:28:31,561 INFO  [org.wildfly.extension.undertow] (MSC service thread 1-8) Queuing requests.
2025-10-26 15:28:31,562 INFO  [org.wildfly.extension.undertow] (MSC service thread 1-8) WFLYUT0018: Host default-host starting
2025-10-26 15:28:31,594 INFO  [org.jboss.as.ejb3] (MSC service thread 1-9) WFLYEJB0493: Jakarta Enterprise Beans subsystem suspension complete
2025-10-26 15:28:31,597 INFO  [org.wildfly.extension.undertow] (MSC service thread 1-4) WFLYUT0006: Undertow HTTP listener default listening on 127.0.0.1:8080
2025-10-26 15:28:31,609 INFO  [org.jboss.as.server.deployment.scanner] (MSC service thread 1-9) WFLYDS0013: Started FileSystemDeploymentService for directory /Users/arturmuch/Desktop/studying/soa/wildfly-38.0.0.Final/standalone/deployments
2025-10-26 15:28:31,620 INFO  [org.jboss.as.connector.subsystems.datasources] (MSC service thread 1-5) WFLYJCA0001: Bound data source [java:jboss/datasources/ExampleDS]
2025-10-26 15:28:31,686 INFO  [org.wildfly.extension.undertow] (MSC service thread 1-5) WFLYUT0006: Undertow HTTPS listener https listening on 127.0.0.1:8443
2025-10-26 15:28:31,744 INFO  [org.jboss.ws.common.management] (MSC service thread 1-9) JBWS022052: Starting JBossWS 7.3.5.Final (Apache CXF 4.0.9.jbossorg-1) 
2025-10-26 15:28:34,602 WARN  [org.jboss.as.dependency.private] (MSC service thread 1-5) WFLYSRV0018: Deployment "deployment.vihicle-service.war" is using a private module ("org.slf4j.impl") which may be changed or removed in future versions without notice.
2025-10-26 15:28:34,602 WARN  [org.jboss.as.dependency.private] (MSC service thread 1-5) WFLYSRV0018: Deployment "deployment.vihicle-service.war" is using a private module ("org.jboss.vfs") which may be changed or removed in future versions without notice.
2025-10-26 15:28:34,642 INFO  [org.jboss.weld.deployer] (MSC service thread 1-5) WFLYWELD0003: Processing weld deployment vihicle-service.war
2025-10-26 15:28:34,746 INFO  [org.hibernate.validator.internal.util.Version] (MSC service thread 1-5) HV000001: Hibernate Validator 8.0.3.Final
2025-10-26 15:28:34,800 INFO  [org.springframework.data.jpa.repository.cdi.JpaRepositoryExtension] (MSC service thread 1-5) Activating CDI extension for Spring Data JPA repositories
2025-10-26 15:28:34,903 INFO  [org.jboss.as.connector.deployers.jdbc] (MSC service thread 1-3) WFLYJCA0005: Deploying non-JDBC-compliant driver class org.postgresql.Driver (version 42.7)
2025-10-26 15:28:34,913 INFO  [org.jboss.weld.Version] (MSC service thread 1-3) WELD-000900: 5.1.6 (Final)
2025-10-26 15:28:34,941 WARN  [org.jboss.as.server.deployment] (MSC service thread 1-9) WFLYSRV0274: Excluded dependency org.jboss.logmanager.log4j2 via jboss-deployment-structure.xml does not exist.
2025-10-26 15:28:34,941 INFO  [org.jboss.as.connector.deployers.jdbc] (MSC service thread 1-7) WFLYJCA0018: Started Driver service with driver-name = vihicle-service.war_org.postgresql.Driver_42_7
2025-10-26 15:28:34,941 WARN  [org.jboss.as.server.deployment] (MSC service thread 1-9) WFLYSRV0274: Excluded dependency org.apache.log4j via jboss-deployment-structure.xml does not exist.
2025-10-26 15:28:35,007 INFO  [org.jboss.weld.Event] (MSC service thread 1-7) WELD-000411: Observer method [BackedAnnotatedMethod] protected org.springframework.data.repository.cdi.CdiRepositoryExtensionSupport.processAnnotatedType(@Observes ProcessAnnotatedType<X>) receives events for all annotated types. Consider restricting events using @WithAnnotations or a generic type with bounds.
2025-10-26 15:28:35,195 INFO  [io.undertow.servlet] (ServerService Thread Pool -- 92) 2 Spring WebApplicationInitializers detected on classpath
2025-10-26 15:28:35,320 INFO  [com.soa.vehicle.VehicleServiceApplication] (ServerService Thread Pool -- 92) Starting VehicleServiceApplication using Java 22.0.2 with PID 74427 (started by arturmuch in /Users/arturmuch/Desktop/studying/soa)
2025-10-26 15:28:35,321 DEBUG [com.soa.vehicle.VehicleServiceApplication] (ServerService Thread Pool -- 92) Running with Spring Boot v3.5.7, Spring v6.2.12
2025-10-26 15:28:35,321 INFO  [com.soa.vehicle.VehicleServiceApplication] (ServerService Thread Pool -- 92) No active profile set, falling back to 1 default profile: "default"
2025-10-26 15:28:36,892 INFO  [com.soa.vehicle.VehicleServiceApplication] (ServerService Thread Pool -- 92) Started VehicleServiceApplication in 1.675 seconds (process running for 6.497)
2025-10-26 15:28:38,363 DEBUG [org.hibernate.SQL] (default task-2) 
    select
        v1_0.id,
        v1_0.x,
        v1_0.y,
        v1_0.creation_date,
        v1_0.engine_power,
        v1_0.fuel_type,
        v1_0.name,
        v1_0.type 
    from
        vehicles v1_0 
    offset
        ? rows 
    fetch
        first ? rows only
2025-10-26 15:28:38,378 DEBUG [org.hibernate.SQL] (default task-2) 
    select
        count(v1_0.id) 
    from
        vehicles v1_0
2025-10-26 15:29:03,933 INFO  [com.soa.vehicle.controller.ShopProxyController] (default task-2) Proxying request to add 4 wheels to vehicle with ID: 2
2025-10-26 15:29:04,237 INFO  [com.soa.vehicle.client.ShopServiceClient] (default task-2) Successfully added 4 wheels to vehicle ID: 2
2025-10-26 15:29:22,040 INFO  [com.soa.vehicle.controller.ShopProxyController] (default task-2) Proxying request to get wheels count for vehicle with ID: 2
2025-10-26 15:29:22,099 INFO  [com.soa.vehicle.client.ShopServiceClient] (default task-2) Successfully retrieved wheels count for vehicle ID: 2
2025-10-26 15:29:24,418 INFO  [com.soa.vehicle.controller.ShopProxyController] (default task-2) Proxying request to get wheels count for vehicle with ID: 1
2025-10-26 15:29:24,428 INFO  [com.soa.vehicle.client.ShopServiceClient] (default task-2) Successfully retrieved wheels count for vehicle ID: 1
